SecCoreStartupWithStack(0xFFFCC000, 0x818000)
Register PPI Notify: DCD0BE23-9586-40F4-B643-06522CED4EDE
Install PPI: 8C8CE578-8A3D-4F1C-9935-896185C32DD3
Install PPI: 5473C07A-3DCB-4DCA-BD6F-1E9689E7349A
The 0th FV start address is 0x00000820000, size is 0x000E0000, handle is 0x820000
Register PPI Notify: 49EDB1C1-BF21-4761-BB12-EB0031AABB39
Register PPI Notify: EA7CA24B-DED5-4DAD-A389-BF827E8F9B38
Install PPI: B9E0ABFE-5979-4914-977F-6DEE78C278A6
Install PPI: DBE23AA9-A345-4B97-85B6-B226F1617389
Loading PEIM at 0x0000082BF00 EntryPoint=0x0000082EF4B PcdPeim.efi
Install PPI: 06E81C58-4AD7-44BC-8390-F10265F72480
Install PPI: 01F34D25-4DE2-23AD-3FF3-36353FF323F1
Install PPI: 4D8B155B-C059-4C8F-8926-06FD4331DB8A
Install PPI: A60C6B59-E459-425D-9C69-0BCC9CB27D81
Loading PEIM at 0x00000830840 EntryPoint=0x00000831C05 ReportStatusCodeRouterPei.efi
Install PPI: 0065D394-9951-4144-82A3-0AFC8579C251
Install PPI: 229832D3-7A30-4B36-B827-F40CB7D45436
Loading PEIM at 0x00000832940 EntryPoint=0x00000833B75 StatusCodeHandlerPei.efi
Loading PEIM at 0x00000834940 EntryPoint=0x0000083887E PlatformPei.efi
Select Item: 0x0
FW CFG Signature: 0x554D4551
Select Item: 0x1
FW CFG Revision: 0x3
QemuFwCfg interface (DMA) is supported.
Platform PEIM Loaded
CMOS:
00: 47 00 27 00 11 00 01 01 10 17 26 02 00 80 00 00
10: 00 00 00 00 06 80 02 FF FF 00 00 00 00 00 00 00
20: 00 00 00 00 00 00 00 00 00 00 00 00 00 00 00 00
30: FF FF 20 00 00 7F 00 20 30 00 00 00 00 12 00 00
40: 00 00 00 00 00 00 00 00 00 00 00 00 00 00 00 00
50: 00 00 00 00 00 00 00 00 00 00 00 00 80 00 00 03
60: 00 00 00 00 00 00 00 00 00 00 00 00 00 00 00 00
70: 00 00 00 00 00 00 00 00 00 00 00 00 00 00 00 00
Select Item: 0x19
Select Item: 0x2B
Install PPI: 7408D748-FC8C-4EE6-9288-C4BEC092A410
Select Item: 0x19
Select Item: 0x24
Select Item: 0x19
Select Item: 0x19
GetFirstNonAddress: Pci64Base=0x800000000 Pci64Size=0x800000000
Select Item: 0x5
MaxCpuCountInitialization: QEMU reports 4 processor(s)
PublishPeiMemory: mPhysMemAddressWidth=36 PeiMemoryCap=65800 KB
PeiInstallPeiMemory MemoryBegin 0x7BFBE000, MemoryLength 0x4042000
QemuInitializeRam called
Select Item: 0x19
Select Item: 0x24
Reserved variable store memory: 0x7FFE0000; size: 128kb
Platform PEI Firmware Volume Initialization
Install PPI: 49EDB1C1-BF21-4761-BB12-EB0031AABB39
Notify: PPI Guid: 49EDB1C1-BF21-4761-BB12-EB0031AABB39, Peim notify entry point: 826DF4
The 1th FV start address is 0x00000900000, size is 0x00A00000, handle is 0x900000
Select Item: 0x19
Select Item: 0x19
Select Item: 0x19
Select Item: 0x25
Register PPI Notify: EE16160A-E8BE-47A6-820A-C6900DB0250A
Temp Stack : BaseAddress=0x814000 Length=0x4000
Temp Heap  : BaseAddress=0x810000 Length=0x4000
Total temporary memory:    32768 bytes.
  temporary memory stack ever used:       16384 bytes.
  temporary memory heap used for HobList: 7952 bytes.
  temporary memory heap occupied by memory pages: 0 bytes.
Memory Allocation 0x00000004 0x806000 - 0x806FFF
Memory Allocation 0x00000006 0x7FFE0000 - 0x7FFFFFFF
Memory Allocation 0x00000004 0x820000 - 0x8FFFFF
Memory Allocation 0x00000004 0x900000 - 0x12FFFFF
Memory Allocation 0x00000000 0x80000000 - 0x8FFFFFFF
Old Stack size 16384, New stack size 131072
Stack Hob: BaseAddress=0x7BFBE000 Length=0x20000
Heap Offset = 0x7B7CE000 Stack Offset = 0x7B7C6000
TemporaryRamMigration(0x810000, 0x7BFDA000, 0x8000)
Loading PEIM at 0x0007FFD3000 EntryPoint=0x0007FFDC1A0 PeiCore.efi
Reinstall PPI: 8C8CE578-8A3D-4F1C-9935-896185C32DD3
Reinstall PPI: 5473C07A-3DCB-4DCA-BD6F-1E9689E7349A
Reinstall PPI: B9E0ABFE-5979-4914-977F-6DEE78C278A6
Install PPI: F894643D-C449-42D1-8EA8-85BDD8C65BDE
Loading PEIM at 0x0007FFCF000 EntryPoint=0x0007FFD1951 DxeIpl.efi
Install PPI: 1A36E4E7-FAB6-476A-8E75-695A0576FDD7
Install PPI: 0AE8CE5D-E448-4437-A8D7-EBF5F194F731
Loading PEIM at 0x0007FFCB000 EntryPoint=0x0007FFCD2F4 S3Resume2Pei.efi
Install PPI: 6D582DBC-DB85-4514-8FCC-5ADF6227B147
Loading PEIM at 0x0007FFC3000 EntryPoint=0x0007FFC71E9 CpuMpPei.efi
AP Loop Mode is 1
WakeupBufferStart = 9F000, WakeupBufferSize = 1000
APIC MODE is 1
MpInitLib: Find 4 processors in system.
Does not find any stored CPU BIST information from PPI!
  APICID - 0x00000000, BIST - 0x00000000
  APICID - 0x00000001, BIST - 0x00000000
  APICID - 0x00000002, BIST - 0x00000000
  APICID - 0x00000003, BIST - 0x00000000
Install PPI: 9E9F374B-8F16-4230-9824-5846EE766A97
Install PPI: EE16160A-E8BE-47A6-820A-C6900DB0250A
Notify: PPI Guid: EE16160A-E8BE-47A6-820A-C6900DB0250A, Peim notify entry point: 8369AD
DXE IPL Entry
Loading PEIM at 0x0007FF7F000 EntryPoint=0x0007FF87214 DxeCore.efi
Loading DXE CORE at 0x0007FF7F000 EntryPoint=0x0007FF87214
Install PPI: 605EA650-C65C-42E1-BA80-91A52AB618C6
CoreInitializeMemoryServices:
  BaseAddress - 0x7BFE2000 Length - 0x3F3B000 MinimalMemorySizeNeeded - 0x10F4000
InstallProtocolInterface: 5B1B31A1-9562-11D2-8E3F-00A0C969723B 7FF9DB08
ProtectUefiImageCommon - 0x7FF9DB08
  - 0x000000007FF7F000 - 0x0000000000023000
HOBLIST address in DXE = 0x7FD32018
Memory Allocation 0x00000004 0x806000 - 0x806FFF
Memory Allocation 0x00000006 0x7FFE0000 - 0x7FFFFFFF
Memory Allocation 0x00000004 0x820000 - 0x8FFFFF
Memory Allocation 0x00000004 0x900000 - 0x12FFFFF
Memory Allocation 0x00000000 0x80000000 - 0x8FFFFFFF
Memory Allocation 0x00000004 0x7FF5F000 - 0x7FF7EFFF
Memory Allocation 0x00000003 0x7FFDF000 - 0x7FFDFFFF
Memory Allocation 0x00000003 0x7FFD3000 - 0x7FFDEFFF
Memory Allocation 0x00000003 0x7FFCF000 - 0x7FFD2FFF
Memory Allocation 0x00000003 0x7FFCB000 - 0x7FFCEFFF
Memory Allocation 0x00000003 0x7FFC3000 - 0x7FFCAFFF
Memory Allocation 0x00000004 0x7FFA2000 - 0x7FFC2FFF
Memory Allocation 0x00000003 0x7FF7F000 - 0x7FFA1FFF
Memory Allocation 0x00000003 0x7FF7F000 - 0x7FFA1FFF
Memory Allocation 0x00000004 0x7FF5F000 - 0x7FF7EFFF
Memory Allocation 0x00000004 0x7FF1D000 - 0x7FF5EFFF
Memory Allocation 0x00000004 0x7BFBE000 - 0x7BFDDFFF
FV Hob            0x900000 - 0x12FFFFF
InstallProtocolInterface: D8117CFE-94A6-11D4-9A3A-0090273FC14D 7FF9DE20
InstallProtocolInterface: 8F644FA9-E850-4DB1-9CE2-0B44698E8DA4 7FD2ECB0
InstallProtocolInterface: 09576E91-6D3F-11D2-8E39-00A0C969723B 7FD2ED98
InstallProtocolInterface: 220E73B6-6BDB-4413-8405-B974B108619A 7FD2D0B0
InstallProtocolInterface: EE4E5898-3914-4259-9D6E-DC7BD79403CF 7FF9DD38
Loading driver 9B680FCE-AD6B-4F3A-B60B-F59899003443
InstallProtocolInterface: 5B1B31A1-9562-11D2-8E3F-00A0C969723B 7FA17240
Loading driver at 0x0007FEAC000 EntryPoint=0x0007FEB3B3B DevicePathDxe.efi
InstallProtocolInterface: BC62157E-3E33-4FEC-9920-2D3B36D750DF 7F9F5F18
ProtectUefiImageCommon - 0x7FA17240
  - 0x000000007FEAC000 - 0x000000000000B100
InstallProtocolInterface: 0379BE4E-D706-437D-B037-EDB82FB772A4 7FEB6C40
InstallProtocolInterface: 8B843E20-8132-4852-90CC-551A4E4A7F1C 7FEB6C20
InstallProtocolInterface: 05C99A21-C70F-4AD2-8A5F-35DF3343F51E 7FEB6C00
Loading driver 80CF7257-87AB-47F9-A3FE-D50B76D89541
InstallProtocolInterface: 5B1B31A1-9562-11D2-8E3F-00A0C969723B 7F9F5140
Loading driver at 0x0007FEA6000 EntryPoint=0x0007FEA9B0C PcdDxe.efi
InstallProtocolInterface: BC62157E-3E33-4FEC-9920-2D3B36D750DF 7F9F5898
ProtectUefiImageCommon - 0x7F9F5140
  - 0x000000007FEA6000 - 0x0000000000005F00
InstallProtocolInterface: 11B34006-D85B-4D0A-A290-D5A571310EF7 7FEAB9E0
InstallProtocolInterface: 13A3F0F6-264A-3EF0-F2E0-DEC512342F34 7FEAB940
InstallProtocolInterface: 5BE40F57-FA68-4610-BBBF-E9C5FCDAD365 7FEAB900
InstallProtocolInterface: FD0F4478-0EFD-461D-BA2D-E58C45FD5F5E 7FEAB8E0
Loading driver 2EC9DA37-EE35-4DE9-86C5-6D9A81DC38A7
InstallProtocolInterface: 5B1B31A1-9562-11D2-8E3F-00A0C969723B 7FA01240
Loading driver at 0x0007FEA3000 EntryPoint=0x0007FEA4050 AmdSevDxe.efi
InstallProtocolInterface: BC62157E-3E33-4FEC-9920-2D3B36D750DF 7FA01798
ProtectUefiImageCommon - 0x7FA01240
  - 0x000000007FEA3000 - 0x0000000000002840
Error: Image at 0007FEA3000 start failed: Unsupported
Loading driver 733CBAC2-B23F-4B92-BC8E-FB01CE5907B7
InstallProtocolInterface: 5B1B31A1-9562-11D2-8E3F-00A0C969723B 7FA01240
Loading driver at 0x0007FEE1000 EntryPoint=0x0007FEE37FD FvbServicesRuntimeDxe.efi
InstallProtocolInterface: BC62157E-3E33-4FEC-9920-2D3B36D750DF 7FA01718
ProtectUefiImageCommon - 0x7FA01240
  - 0x000000007FEE1000 - 0x0000000000007000
QEMU Flash: Attempting flash detection at FFE00010
QemuFlashDetected => FD behaves as FLASH
QemuFlashDetected => Yes
Installing QEMU flash FVB
InstallProtocolInterface: 8F644FA9-E850-4DB1-9CE2-0B44698E8DA4 7FF0B8B0
InstallProtocolInterface: 09576E91-6D3F-11D2-8E39-00A0C969723B 7FA00F98
Loading driver D93CE3D8-A7EB-4730-8C8E-CC466A9ECC3C
InstallProtocolInterface: 5B1B31A1-9562-11D2-8E3F-00A0C969723B 7FA009C0
Loading driver at 0x0007FEDB000 EntryPoint=0x0007FEDD803 ReportStatusCodeRouterRuntimeDxe.efi
InstallProtocolInterface: BC62157E-3E33-4FEC-9920-2D3B36D750DF 7FA00218
ProtectUefiImageCommon - 0x7FA009C0
  - 0x000000007FEDB000 - 0x0000000000006000
InstallProtocolInterface: 86212936-0E76-41C8-A03A-2AF2FC1C39E2 7FEDF070
InstallProtocolInterface: D2B2B828-0826-48A7-B3DF-983C006024F0 7FEDF050
Loading driver B601F8C4-43B7-4784-95B1-F4226CB40CEE
InstallProtocolInterface: 5B1B31A1-9562-11D2-8E3F-00A0C969723B 7F9F6040
Loading driver at 0x0007FED5000 EntryPoint=0x0007FED74B2 RuntimeDxe.efi
InstallProtocolInterface: BC62157E-3E33-4FEC-9920-2D3B36D750DF 7F9F6E18
ProtectUefiImageCommon - 0x7F9F6040
  - 0x000000007FED5000 - 0x0000000000006000
InstallProtocolInterface: B7DFB4E1-052F-449F-87BE-9818FC91B733 7FED9060
Loading driver F80697E9-7FD6-4665-8646-88E33EF71DFC
InstallProtocolInterface: 5B1B31A1-9562-11D2-8E3F-00A0C969723B 7F9F63C0
Loading driver at 0x0007FEA3000 EntryPoint=0x0007FEA45EA SecurityStubDxe.efi
InstallProtocolInterface: BC62157E-3E33-4FEC-9920-2D3B36D750DF 7F9F6718
ProtectUefiImageCommon - 0x7F9F63C0
  - 0x000000007FEA3000 - 0x0000000000002C40
InstallProtocolInterface: 94AB2F58-1438-4EF1-9152-18941A3A0E68 7FEA58C8
InstallProtocolInterface: A46423E3-4617-49F1-B9FF-D1BFA9115839 7FEA58C0
InstallProtocolInterface: 15853D7C-3DDF-43E0-A1CB-EBF85B8F872C 7FEA58A0
Loading driver 13AC6DD0-73D0-11D4-B06B-00AA00BD6DE7
InstallProtocolInterface: 5B1B31A1-9562-11D2-8E3F-00A0C969723B 7F9FD940
Loading driver at 0x0007FE9D000 EntryPoint=0x0007FEA02C6 EbcDxe.efi
InstallProtocolInterface: BC62157E-3E33-4FEC-9920-2D3B36D750DF 7F9FD718
ProtectUefiImageCommon - 0x7F9FD940
  - 0x000000007FE9D000 - 0x0000000000005180
InstallProtocolInterface: 13AC6DD1-73D0-11D4-B06B-00AA00BD6DE7 7F9FD498
InstallProtocolInterface: 2755590C-6F3C-42FA-9EA4-A3BA543CDA25 7F9FD598
InstallProtocolInterface: AAEACCFD-F27B-4C17-B610-75CA1F2DFB52 7F9FCB18
Loading driver 79CA4208-BBA1-4A9A-8456-E1E66A81484E
InstallProtocolInterface: 5B1B31A1-9562-11D2-8E3F-00A0C969723B 7F9FC0C0
Loading driver at 0x0007FE9B000 EntryPoint=0x0007FE9C225 Legacy8259.efi
InstallProtocolInterface: BC62157E-3E33-4FEC-9920-2D3B36D750DF 7F9FCA18
ProtectUefiImageCommon - 0x7F9FC0C0
  - 0x000000007FE9B000 - 0x0000000000001C80
InstallProtocolInterface: 38321DBA-4FE0-4E17-8AEC-413055EAEDC1 7FE9C960
Loading driver A19B1FE7-C1BC-49F8-875F-54A5D542443F
InstallProtocolInterface: 5B1B31A1-9562-11D2-8E3F-00A0C969723B 7F9FC4C0
Loading driver at 0x0007FE98000 EntryPoint=0x0007FE99486 CpuIo2Dxe.efi
InstallProtocolInterface: BC62157E-3E33-4FEC-9920-2D3B36D750DF 7F9FC798
ProtectUefiImageCommon - 0x7F9FC4C0
  - 0x000000007FE98000 - 0x0000000000002100
InstallProtocolInterface: AD61F191-AE5F-4C0E-B9FA-E869D288C64F 7FE99E00
Loading driver 1A1E4886-9517-440E-9FDE-3BE44CEE2136
InstallProtocolInterface: 5B1B31A1-9562-11D2-8E3F-00A0C969723B 7F9FB0C0
Loading driver at 0x0007FE8B000 EntryPoint=0x0007FE92169 CpuDxe.efi
InstallProtocolInterface: BC62157E-3E33-4FEC-9920-2D3B36D750DF 7F9FBA18
ProtectUefiImageCommon - 0x7F9FB0C0
  - 0x000000007FE8B000 - 0x000000000000C080
CurrentPagingContext:
  MachineType   - 0x8664
  PageTableBase - 0x7FF1D000
  Attributes    - 0x40000006
InstallProtocolInterface: 26BACCB1-6F42-11D4-BCE7-0080C73C8881 7FE96AE0
MemoryProtectionCpuArchProtocolNotify:
ProtectUefiImageCommon - 0x7FF9DB08
  - 0x000000007FF7F000 - 0x0000000000023000
ProtectUefiImageCommon - 0x7FA17240
  - 0x000000007FEAC000 - 0x000000000000B100
ProtectUefiImageCommon - 0x7F9F5140
  - 0x000000007FEA6000 - 0x0000000000005F00
ProtectUefiImageCommon - 0x7FA01240
  - 0x000000007FEE1000 - 0x0000000000007000
SetUefiImageMemoryAttributes - 0x000000007FEE1000 - 0x0000000000001000 (0x0000000000004000)
Split - 0x7F5EE000
SetUefiImageMemoryAttributes - 0x000000007FEE2000 - 0x0000000000004000 (0x0000000000020000)
ConvertPageEntryAttribute 0x7FEE2063->0x7FEE2061
ConvertPageEntryAttribute 0x7FEE3063->0x7FEE3061
ConvertPageEntryAttribute 0x7FEE4063->0x7FEE4061
ConvertPageEntryAttribute 0x7FEE5063->0x7FEE5061
SetUefiImageMemoryAttributes - 0x000000007FEE6000 - 0x0000000000002000 (0x0000000000004000)
ProtectUefiImageCommon - 0x7FA009C0
  - 0x000000007FEDB000 - 0x0000000000006000
SetUefiImageMemoryAttributes - 0x000000007FEDB000 - 0x0000000000001000 (0x0000000000004000)
SetUefiImageMemoryAttributes - 0x000000007FEDC000 - 0x0000000000003000 (0x0000000000020000)
ConvertPageEntryAttribute 0x7FEDC063->0x7FEDC061
ConvertPageEntryAttribute 0x7FEDD063->0x7FEDD061
ConvertPageEntryAttribute 0x7FEDE063->0x7FEDE061
SetUefiImageMemoryAttributes - 0x000000007FEDF000 - 0x0000000000002000 (0x0000000000004000)
ProtectUefiImageCommon - 0x7F9F6040
  - 0x000000007FED5000 - 0x0000000000006000
SetUefiImageMemoryAttributes - 0x000000007FED5000 - 0x0000000000001000 (0x0000000000004000)
SetUefiImageMemoryAttributes - 0x000000007FED6000 - 0x0000000000003000 (0x0000000000020000)
ConvertPageEntryAttribute 0x7FED6063->0x7FED6061
ConvertPageEntryAttribute 0x7FED7063->0x7FED7061
ConvertPageEntryAttribute 0x7FED8063->0x7FED8061
SetUefiImageMemoryAttributes - 0x000000007FED9000 - 0x0000000000002000 (0x0000000000004000)
ProtectUefiImageCommon - 0x7F9F63C0
  - 0x000000007FEA3000 - 0x0000000000002C40
ProtectUefiImageCommon - 0x7F9FD940
  - 0x000000007FE9D000 - 0x0000000000005180
ProtectUefiImageCommon - 0x7F9FC0C0
  - 0x000000007FE9B000 - 0x0000000000001C80
ProtectUefiImageCommon - 0x7F9FC4C0
  - 0x000000007FE98000 - 0x0000000000002100
ProtectUefiImageCommon - 0x7F9FB0C0
  - 0x000000007FE8B000 - 0x000000000000C080
  Flushing GCD
  Flushing GCD
  Flushing GCD
  Flushing GCD
  Flushing GCD
  Flushing GCD
  Flushing GCD
  Flushing GCD
  Flushing GCD
  Flushing GCD
  Flushing GCD
  Flushing GCD
  Flushing GCD
  Flushing GCD
  Flushing GCD
  Flushing GCD
  Flushing GCD
  Flushing GCD
  Flushing GCD
  Flushing GCD
  Flushing GCD
Update memory space attribute: [02] 000000007FED6000 - 000000007FED6FFF (00000008 -> 00020008)
  Flushing GCD
Update memory space attribute: [02] 000000007FED7000 - 000000007FED7FFF (00000008 -> 00020008)
  Flushing GCD
Update memory space attribute: [02] 000000007FED8000 - 000000007FED8FFF (00000008 -> 00020008)
  Flushing GCD
Update memory space attribute: [02] 000000007FEDC000 - 000000007FEDCFFF (00000008 -> 00020008)
  Flushing GCD
Update memory space attribute: [02] 000000007FEDD000 - 000000007FEDDFFF (00000008 -> 00020008)
  Flushing GCD
Update memory space attribute: [02] 000000007FEDE000 - 000000007FEDEFFF (00000008 -> 00020008)
  Flushing GCD
Update memory space attribute: [02] 000000007FEE2000 - 000000007FEE2FFF (00000008 -> 00020008)
  Flushing GCD
Update memory space attribute: [02] 000000007FEE3000 - 000000007FEE3FFF (00000008 -> 00020008)
  Flushing GCD
Update memory space attribute: [02] 000000007FEE4000 - 000000007FEE4FFF (00000008 -> 00020008)
  Flushing GCD
Update memory space attribute: [02] 000000007FEE5000 - 000000007FEE5FFF (00000008 -> 00020008)
AP Loop Mode is 1
WakeupBufferStart = 9F000, WakeupBufferSize = 21D
Detect CPU count: 4
InstallProtocolInterface: 3FDDA605-A76E-4F46-AD29-12F4531B3D08 7FE96A80
Loading driver F6697AC4-A776-4EE1-B643-1FEFF2B615BB
InstallProtocolInterface: 5B1B31A1-9562-11D2-8E3F-00A0C969723B 7F5ED4C0
Loading driver at 0x0007FE88000 EntryPoint=0x0007FE89157 IncompatiblePciDeviceSupportDxe.efi
InstallProtocolInterface: BC62157E-3E33-4FEC-9920-2D3B36D750DF 7F9FB318
ProtectUefiImageCommon - 0x7F5ED4C0
  - 0x000000007FE88000 - 0x0000000000002080
InstallProtocolInterface: EB23F55A-7863-4AC2-8D3D-956535DE0375 7FE89ED0
Loading driver 11A6EDF6-A9BE-426D-A6CC-B22FE51D9224
InstallProtocolInterface: 5B1B31A1-9562-11D2-8E3F-00A0C969723B 7F5CB1C0
Loading driver at 0x0007FE85000 EntryPoint=0x0007FE8616D PciHotPlugInitDxe.efi
InstallProtocolInterface: BC62157E-3E33-4FEC-9920-2D3B36D750DF 7F5CBB18
ProtectUefiImageCommon - 0x7F5CB1C0
  - 0x000000007FE85000 - 0x00000000000020C0
InstallProtocolInterface: AA0E8BC1-DABC-46B0-A844-37B8169B2BEA 7FE86F50
Loading driver 4B28E4C7-FF36-4E10-93CF-A82159E777C5
InstallProtocolInterface: 5B1B31A1-9562-11D2-8E3F-00A0C969723B 7F5CB5C0
Loading driver at 0x0007FECF000 EntryPoint=0x0007FED17C2 ResetSystemRuntimeDxe.efi
InstallProtocolInterface: BC62157E-3E33-4FEC-9920-2D3B36D750DF 7F5C3018
ProtectUefiImageCommon - 0x7F5CB5C0
  - 0x000000007FECF000 - 0x0000000000006000
SetUefiImageMemoryAttributes - 0x000000007FECF000 - 0x0000000000001000 (0x0000000000004008)
SetUefiImageMemoryAttributes - 0x000000007FED0000 - 0x0000000000003000 (0x0000000000020008)
ConvertPageEntryAttribute 0x7FED0063->0x7FED0061
ConvertPageEntryAttribute 0x7FED1063->0x7FED1061
ConvertPageEntryAttribute 0x7FED2063->0x7FED2061
SetUefiImageMemoryAttributes - 0x000000007FED3000 - 0x0000000000002000 (0x0000000000004008)
InstallProtocolInterface: 27CFAC88-46CC-11D4-9A38-0090273FC14D 0
InstallProtocolInterface: 9DA34AE0-EAF9-4BBF-8EC3-FD60226C44BE 7FED30A8
Loading driver C8339973-A563-4561-B858-D8476F9DEFC4
InstallProtocolInterface: 5B1B31A1-9562-11D2-8E3F-00A0C969723B 7F5C31C0
Loading driver at 0x0007FE83000 EntryPoint=0x0007FE8401A Metronome.efi
InstallProtocolInterface: BC62157E-3E33-4FEC-9920-2D3B36D750DF 7F5C3998
ProtectUefiImageCommon - 0x7F5C31C0
  - 0x000000007FE83000 - 0x0000000000001F00
InstallProtocolInterface: 26BACCB2-6F42-11D4-BCE7-0080C73C8881 7FE84C10
Loading driver 79E4A61C-ED73-4312-94FE-E3E7563362A9
InstallProtocolInterface: 5B1B31A1-9562-11D2-8E3F-00A0C969723B 7F5C7040
Loading driver at 0x0007FE80000 EntryPoint=0x0007FE8193A PrintDxe.efi
InstallProtocolInterface: BC62157E-3E33-4FEC-9920-2D3B36D750DF 7F5C7F18
ProtectUefiImageCommon - 0x7F5C7040
  - 0x000000007FE80000 - 0x0000000000002980
InstallProtocolInterface: F05976EF-83F1-4F3D-8619-F7595D41E538 7FE827A0
InstallProtocolInterface: 0CC252D2-C106-4661-B5BD-3147A4F81F92 7FE82740
Loading driver 348C4D62-BFBD-4882-9ECE-C80BB1C4783B
InstallProtocolInterface: 5B1B31A1-9562-11D2-8E3F-00A0C969723B 7F5C7440
Loading driver at 0x0007FE63000 EntryPoint=0x0007FE652DA HiiDatabase.efi
InstallProtocolInterface: BC62157E-3E33-4FEC-9920-2D3B36D750DF 7F5C7A18
ProtectUefiImageCommon - 0x7F5C7440
  - 0x000000007FE63000 - 0x000000000001C940
InstallProtocolInterface: E9CA4775-8657-47FC-97E7-7ED65A084324 7FE7F468
InstallProtocolInterface: 0FD96974-23AA-4CDC-B9CB-98D17750322A 7FE7F4E0
InstallProtocolInterface: EF9FC172-A1B2-4693-B327-6D32FC416042 7FE7F508
InstallProtocolInterface: 587E72D7-CC50-4F79-8209-CA291FC1A10F 7FE7F560
InstallProtocolInterface: 0A8BADD5-03B8-4D19-B128-7B8F0EDAA596 7FE7F590
InstallProtocolInterface: 31A6406A-6BDF-4E46-B2A2-EBAA89C40920 7FE7F488
InstallProtocolInterface: 1A1241E6-8F19-41A9-BC0E-E8EF39E06546 7FE7F4B0
Loading driver 96B5C032-DF4C-4B6E-8232-438DCF448D0E
InstallProtocolInterface: 5B1B31A1-9562-11D2-8E3F-00A0C969723B 7F5CA240
Loading driver at 0x0007FE60000 EntryPoint=0x0007FE6108E NullMemoryTestDxe.efi
InstallProtocolInterface: BC62157E-3E33-4FEC-9920-2D3B36D750DF 7F5CA798
ProtectUefiImageCommon - 0x7F5CA240
  - 0x000000007FE60000 - 0x0000000000002180
InstallProtocolInterface: 309DE7F1-7F5E-4ACE-B49C-531BE5AA95EF 7FE61E20
Loading driver 9622E42C-8E38-4A08-9E8F-54F784652F6B
InstallProtocolInterface: 5B1B31A1-9562-11D2-8E3F-00A0C969723B 7F5C9B40
Loading driver at 0x0007FE58000 EntryPoint=0x0007FE5BF22 AcpiTableDxe.efi
InstallProtocolInterface: BC62157E-3E33-4FEC-9920-2D3B36D750DF 7F5C9E98
ProtectUefiImageCommon - 0x7F5C9B40
  - 0x000000007FE58000 - 0x0000000000007180
InstallProtocolInterface: FFE06BDD-6107-46A6-7BB2-5A9C7EC5275C 7F5C91A0
InstallProtocolInterface: EB97088E-CFDF-49C6-BE4B-D906A5B20E86 7F5C91B0
Loading driver A210F973-229D-4F4D-AA37-9895E6C9EABA
InstallProtocolInterface: 5B1B31A1-9562-11D2-8E3F-00A0C969723B 7F5C9340
Loading driver at 0x0007FE55000 EntryPoint=0x0007FE5629E DpcDxe.efi
InstallProtocolInterface: BC62157E-3E33-4FEC-9920-2D3B36D750DF 7F5C8018
ProtectUefiImageCommon - 0x7F5C9340
  - 0x000000007FE55000 - 0x0000000000002100
InstallProtocolInterface: 480F8AE9-0C46-4AA9-BC89-DB9FBA619806 7FE56C00
Loading driver 22EA234F-E72A-11E4-91F9-28D2447C4829
InstallProtocolInterface: 5B1B31A1-9562-11D2-8E3F-00A0C969723B 7F5C80C0
Loading driver at 0x0007FE52000 EntryPoint=0x0007FE53A08 HttpUtilitiesDxe.efi
InstallProtocolInterface: BC62157E-3E33-4FEC-9920-2D3B36D750DF 7F5C8A18
ProtectUefiImageCommon - 0x7F5C80C0
  - 0x000000007FE52000 - 0x0000000000002BC0
InstallProtocolInterface: 3E35C163-4074-45DD-431E-23989DD86B32 7FE548D0
Loading driver 8657015B-EA43-440D-949A-AF3BE365C0FC
InstallProtocolInterface: 5B1B31A1-9562-11D2-8E3F-00A0C969723B 7F5C8440
Loading driver at 0x0007FE4E000 EntryPoint=0x0007FE50098 IoMmuDxe.efi
InstallProtocolInterface: BC62157E-3E33-4FEC-9920-2D3B36D750DF 7F5C6F98
ProtectUefiImageCommon - 0x7F5C8440
  - 0x000000007FE4E000 - 0x0000000000003640
InstallProtocolInterface: F8775D50-8ABD-4ADF-92AC-853E51F6C8DC 0
Loading driver 22DC2B60-FE40-42AC-B01F-3AB1FAD9AAD8
InstallProtocolInterface: 5B1B31A1-9562-11D2-8E3F-00A0C969723B 7F5C67C0
Loading driver at 0x0007FEC9000 EntryPoint=0x0007FECB41F EmuVariableFvbRuntimeDxe.efi
InstallProtocolInterface: BC62157E-3E33-4FEC-9920-2D3B36D750DF 7F5C6598
ProtectUefiImageCommon - 0x7F5C67C0
  - 0x000000007FEC9000 - 0x0000000000006000
SetUefiImageMemoryAttributes - 0x000000007FEC9000 - 0x0000000000001000 (0x0000000000004008)
SetUefiImageMemoryAttributes - 0x000000007FECA000 - 0x0000000000003000 (0x0000000000020008)
ConvertPageEntryAttribute 0x7FECA063->0x7FECA061
ConvertPageEntryAttribute 0x7FECB063->0x7FECB061
ConvertPageEntryAttribute 0x7FECC063->0x7FECC061
SetUefiImageMemoryAttributes - 0x000000007FECD000 - 0x0000000000002000 (0x0000000000004008)
EMU Variable FVB Started
Disabling EMU Variable FVB since flash variables appear to be supported.
Error: Image at 0007FEC9000 start failed: Aborted
SetUefiImageMemoryAttributes - 0x000000007FEC9000 - 0x0000000000006000 (0x0000000000000008)
ConvertPageEntryAttribute 0x7FECA061->0x7FECA063
ConvertPageEntryAttribute 0x7FECB061->0x7FECB063
ConvertPageEntryAttribute 0x7FECC061->0x7FECC063
Loading driver CBD2E4D5-7068-4FF5-B462-9822B4AD8D60
InstallProtocolInterface: 5B1B31A1-9562-11D2-8E3F-00A0C969723B 7F5C67C0
Loading driver at 0x0007FEC1000 EntryPoint=0x0007FEC8C9F VariableRuntimeDxe.efi
InstallProtocolInterface: BC62157E-3E33-4FEC-9920-2D3B36D750DF 7F5C6618
ProtectUefiImageCommon - 0x7F5C67C0
  - 0x000000007FEC1000 - 0x000000000000E000
SetUefiImageMemoryAttributes - 0x000000007FEC1000 - 0x0000000000001000 (0x0000000000004008)
SetUefiImageMemoryAttributes - 0x000000007FEC2000 - 0x000000000000B000 (0x0000000000020008)
ConvertPageEntryAttribute 0x7FEC2063->0x7FEC2061
ConvertPageEntryAttribute 0x7FEC3063->0x7FEC3061
ConvertPageEntryAttribute 0x7FEC4063->0x7FEC4061
ConvertPageEntryAttribute 0x7FEC5063->0x7FEC5061
ConvertPageEntryAttribute 0x7FEC6063->0x7FEC6061
ConvertPageEntryAttribute 0x7FEC7063->0x7FEC7061
ConvertPageEntryAttribute 0x7FEC8063->0x7FEC8061
ConvertPageEntryAttribute 0x7FEC9063->0x7FEC9061
ConvertPageEntryAttribute 0x7FECA063->0x7FECA061
ConvertPageEntryAttribute 0x7FECB063->0x7FECB061
ConvertPageEntryAttribute 0x7FECC063->0x7FECC061
SetUefiImageMemoryAttributes - 0x000000007FECD000 - 0x0000000000002000 (0x0000000000004008)
VarCheckLibRegisterSetVariableCheckHandler - 0x7FEC496A Success
Variable driver common space: 0xDF9C 0xDF9C 0xDF9C
Variable driver will work with auth variable format!
InstallProtocolInterface: CD3D0A05-9E24-437C-A891-1EE053DB7638 7FECD970
InstallProtocolInterface: AF23B340-97B4-4685-8D4F-A3F28169B21D 7FECD260
InstallProtocolInterface: 1E5668E2-8481-11D4-BCF1-0080C73C8881 0
Loading driver 6C2004EF-4E0E-4BE4-B14C-340EB4AA5891
InstallProtocolInterface: 5B1B31A1-9562-11D2-8E3F-00A0C969723B 7F5C5840
Loading driver at 0x0007FEBB000 EntryPoint=0x0007FEBCFEB StatusCodeHandlerRuntimeDxe.efi
InstallProtocolInterface: BC62157E-3E33-4FEC-9920-2D3B36D750DF 7F5C5698
ProtectUefiImageCommon - 0x7F5C5840
  - 0x000000007FEBB000 - 0x0000000000006000
SetUefiImageMemoryAttributes - 0x000000007FEBB000 - 0x0000000000001000 (0x0000000000004008)
SetUefiImageMemoryAttributes - 0x000000007FEBC000 - 0x0000000000003000 (0x0000000000020008)
ConvertPageEntryAttribute 0x7FEBC063->0x7FEBC061
ConvertPageEntryAttribute 0x7FEBD063->0x7FEBD061
ConvertPageEntryAttribute 0x7FEBE063->0x7FEBE061
SetUefiImageMemoryAttributes - 0x000000007FEBF000 - 0x0000000000002000 (0x0000000000004008)
Loading driver F2765DEC-6B41-11D5-8E71-00902707B35E
InstallProtocolInterface: 5B1B31A1-9562-11D2-8E3F-00A0C969723B 7F5C4CC0
Loading driver at 0x0007FE4C000 EntryPoint=0x0007FE4D07D Timer.efi
InstallProtocolInterface: BC62157E-3E33-4FEC-9920-2D3B36D750DF 7F5C4118
ProtectUefiImageCommon - 0x7F5C4CC0
  - 0x000000007FE4C000 - 0x0000000000001E00
InstallProtocolInterface: 26BACCB3-6F42-11D4-BCE7-0080C73C8881 7FE4DAC0
Loading driver 128FB770-5E79-4176-9E51-9BB268A17DD1
InstallProtocolInterface: 5B1B31A1-9562-11D2-8E3F-00A0C969723B 7F5C4240
Loading driver at 0x0007FE42000 EntryPoint=0x0007FE46C12 PciHostBridgeDxe.efi
InstallProtocolInterface: BC62157E-3E33-4FEC-9920-2D3B36D750DF 7F5C4518
ProtectUefiImageCommon - 0x7F5C4240
  - 0x000000007FE42000 - 0x0000000000009600
Select Item: 0x0
FW CFG Signature: 0x554D4551
Select Item: 0x1
FW CFG Revision: 0x3
QemuFwCfg interface (DMA) is supported.
Select Item: 0x19
InitRootBridge: populated root bus 0, with room for 255 subordinate bus(es)
RootBridge: PciRoot(0x0)
  Support/Attr: 70069 / 70069
    DmaAbove4G: No
NoExtConfSpace: No
     AllocAttr: 3 (CombineMemPMem Mem64Decode)
           Bus: 0 - FF
            Io: 6000 - FFFF
           Mem: 90000000 - FBFFFFFF
    MemAbove4G: 800000000 - FFFFFFFFF
          PMem: FFFFFFFFFFFFFFFF - 0
   PMemAbove4G: FFFFFFFFFFFFFFFF - 0
InstallProtocolInterface: CF8034BE-6768-4D8B-B739-7CCE683A9FBE 7F5C2D40
InstallProtocolInterface: 09576E91-6D3F-11D2-8E39-00A0C969723B 7F5C4718
InstallProtocolInterface: 2F707EBB-4A1A-11D4-9A38-0090273FC14D 7F5C2340
Loading driver EBF342FE-B1D3-4EF8-957C-8048606FF671
InstallProtocolInterface: 5B1B31A1-9562-11D2-8E3F-00A0C969723B 7F5C2540
Loading driver at 0x0007FE28000 EntryPoint=0x0007FE298A6 SetupBrowser.efi
InstallProtocolInterface: BC62157E-3E33-4FEC-9920-2D3B36D750DF 7F5A7B18
ProtectUefiImageCommon - 0x7F5C2540
  - 0x000000007FE28000 - 0x0000000000019940
InstallProtocolInterface: B9D4C360-BCFB-4F9B-9298-53C136982258 7FE412B0
InstallProtocolInterface: A770C357-B693-4E6D-A6CF-D21C728E550B 7FE412E0
InstallProtocolInterface: 1F73B18D-4630-43C1-A1DE-6F80855D7DA4 7FE412C0
Loading driver F9D88642-0737-49BC-81B5-6889CD57D9EA
InstallProtocolInterface: 5B1B31A1-9562-11D2-8E3F-00A0C969723B 7F5A7240
Loading driver at 0x0007FE22000 EntryPoint=0x0007FE25140 SmbiosDxe.efi
InstallProtocolInterface: BC62157E-3E33-4FEC-9920-2D3B36D750DF 7F5A7598
ProtectUefiImageCommon - 0x7F5A7240
  - 0x000000007FE22000 - 0x00000000000055C0
Select Item: 0x0
FW CFG Signature: 0x554D4551
Select Item: 0x1
FW CFG Revision: 0x3
QemuFwCfg interface (DMA) is supported.
Select Item: 0x19
Select Item: 0x19
Select Item: 0x26
DetectSmbiosVersion: SMBIOS version from QEMU: 0x0208
InstallProtocolInterface: 03583FF6-CB36-4940-947E-B9B39F4AFAF7 7FE27410
Loading driver 49970331-E3FA-4637-9ABC-3B7868676970
InstallProtocolInterface: 5B1B31A1-9562-11D2-8E3F-00A0C969723B 7F5BB0C0
Loading driver at 0x0007FE1A000 EntryPoint=0x0007FE1EF2C AcpiPlatform.efi
InstallProtocolInterface: BC62157E-3E33-4FEC-9920-2D3B36D750DF 7F5BBB18
ProtectUefiImageCommon - 0x7F5BB0C0
  - 0x000000007FE1A000 - 0x0000000000007C80
Select Item: 0x0
FW CFG Signature: 0x554D4551
Select Item: 0x1
FW CFG Revision: 0x3
QemuFwCfg interface (DMA) is supported.
AcpiPlatformEntryPoint: waiting for root bridges to be connected, registered callback
Loading driver BDCE85BB-FBAA-4F4E-9264-501A2C249581
InstallProtocolInterface: 5B1B31A1-9562-11D2-8E3F-00A0C969723B 7F5BB4C0
Loading driver at 0x0007FE13000 EntryPoint=0x0007FE17206 S3SaveStateDxe.efi
InstallProtocolInterface: BC62157E-3E33-4FEC-9920-2D3B36D750DF 7F5C1018
ProtectUefiImageCommon - 0x7F5BB4C0
  - 0x000000007FE13000 - 0x00000000000069C0
Select Item: 0x0
FW CFG Signature: 0x554D4551
Select Item: 0x1
FW CFG Revision: 0x3
QemuFwCfg interface (DMA) is supported.
Select Item: 0x19
Select Item: 0x2B
S3BootScriptLibDeinitialize() in S3SaveStateDxe module
Error: Image at 0007FE13000 start failed: Unsupported
Loading driver F74D20EE-37E7-48FC-97F7-9B1047749C69
InstallProtocolInterface: 5B1B31A1-9562-11D2-8E3F-00A0C969723B 7F5BB4C0
Loading driver at 0x0007FE15000 EntryPoint=0x0007FE15F1A LogoDxe.efi
InstallProtocolInterface: BC62157E-3E33-4FEC-9920-2D3B36D750DF 7F5C1F18
InstallProtocolInterface: 6A1EE763-D47A-43B4-AABE-EF1DE2AB56FC 7FE16AB0
ProtectUefiImageCommon - 0x7F5BB4C0
  - 0x000000007FE15000 - 0x0000000000004A40
InstallProtocolInterface: 53CD299F-2BC1-40C0-8C07-23F64FDB30E0 7FE167C0
Loading driver FE5CEA76-4F72-49E8-986F-2CD899DFFE5D
InstallProtocolInterface: 5B1B31A1-9562-11D2-8E3F-00A0C969723B 7F5BD040
Loading driver at 0x0007FE0F000 EntryPoint=0x0007FE12CBF FaultTolerantWriteDxe.efi
InstallProtocolInterface: BC62157E-3E33-4FEC-9920-2D3B36D750DF 7F5C1798
ProtectUefiImageCommon - 0x7F5BD040
  - 0x000000007FE0F000 - 0x0000000000005980
Ftw: FtwWorkSpaceLba - 0xF, WorkBlockSize  - 0x1000, FtwWorkSpaceBase - 0x0
Ftw: FtwSpareLba     - 0x10, SpareBlockSize - 0x1000
Ftw: NumberOfWorkBlock - 0x1, FtwWorkBlockLba - 0xF
Ftw: WorkSpaceLbaInSpare - 0x0, WorkSpaceBaseInSpare - 0x0
Ftw: Remaining work space size - FE0
InstallProtocolInterface: 3EBD9E82-2C78-4DE6-9786-8D4BFCB7C881 7F5B9028
NOTICE - AuthVariableLibInitialize() returns Unsupported!
Variable driver will continue to work without auth variable support!
[Variable] Lock: BB983CCF-151D-40E1-A07B-4A17BE168292:MemoryOverwriteRequestControlLock Success
RecordSecureBootPolicyVarData GetVariable SecureBoot Status E
InstallProtocolInterface: 6441F818-6362-4E44-B570-7DBA31DD2453 0
Loading driver 378D7B65-8DA9-4773-B6E4-A47826A833E1
InstallProtocolInterface: 5B1B31A1-9562-11D2-8E3F-00A0C969723B 7F5BD3C0
Loading driver at 0x0007EE0C000 EntryPoint=0x0007EE0F0A6 PcRtc.efi
InstallProtocolInterface: BC62157E-3E33-4FEC-9920-2D3B36D750DF 7F5BDE98
ProtectUefiImageCommon - 0x7F5BD3C0
  - 0x000000007EE0C000 - 0x0000000000007000
SetUefiImageMemoryAttributes - 0x000000007EE0C000 - 0x0000000000001000 (0x0000000000004008)
Split - 0x7F5BC000
SetUefiImageMemoryAttributes - 0x000000007EE0D000 - 0x0000000000004000 (0x0000000000020008)
ConvertPageEntryAttribute 0x7EE0D063->0x7EE0D061
ConvertPageEntryAttribute 0x7EE0E063->0x7EE0E061
ConvertPageEntryAttribute 0x7EE0F063->0x7EE0F061
ConvertPageEntryAttribute 0x7EE10063->0x7EE10061
SetUefiImageMemoryAttributes - 0x000000007EE11000 - 0x0000000000002000 (0x0000000000004008)
InstallProtocolInterface: 27CFAC87-46CC-11D4-9A38-0090273FC14D 0
Loading driver F099D67F-71AE-4C36-B2A3-DCEB0EB2B7D8
InstallProtocolInterface: 5B1B31A1-9562-11D2-8E3F-00A0C969723B 7F5B8CC0
Loading driver at 0x0007FE0D000 EntryPoint=0x0007FE0DFE0 WatchdogTimer.efi
InstallProtocolInterface: BC62157E-3E33-4FEC-9920-2D3B36D750DF 7F5B8B18
ProtectUefiImageCommon - 0x7F5B8CC0
  - 0x000000007FE0D000 - 0x0000000000001EC0
InstallProtocolInterface: 665E3FF5-46CC-11D4-9A38-0090273FC14D 7FE0EB90
Loading driver AD608272-D07F-4964-801E-7BD3B7888652
InstallProtocolInterface: 5B1B31A1-9562-11D2-8E3F-00A0C969723B 7F5B8340
Loading driver at 0x0007EE02000 EntryPoint=0x0007EE03DAE MonotonicCounterRuntimeDxe.efi
InstallProtocolInterface: BC62157E-3E33-4FEC-9920-2D3B36D750DF 7F5B1F18
ProtectUefiImageCommon - 0x7F5B8340
  - 0x000000007EE02000 - 0x0000000000005000
SetUefiImageMemoryAttributes - 0x000000007EE02000 - 0x0000000000001000 (0x0000000000004008)
SetUefiImageMemoryAttributes - 0x000000007EE03000 - 0x0000000000002000 (0x0000000000020008)
ConvertPageEntryAttribute 0x7EE03063->0x7EE03061
ConvertPageEntryAttribute 0x7EE04063->0x7EE04061
SetUefiImageMemoryAttributes - 0x000000007EE05000 - 0x0000000000002000 (0x0000000000004008)
InstallProtocolInterface: 1DA97072-BDDC-4B30-99F1-72A0B56FFF2A 0
Loading driver 42857F0A-13F2-4B21-8A23-53D3F714B840
InstallProtocolInterface: 5B1B31A1-9562-11D2-8E3F-00A0C969723B 7F5B11C0
Loading driver at 0x0007EDF8000 EntryPoint=0x0007EDFA00D CapsuleRuntimeDxe.efi
InstallProtocolInterface: BC62157E-3E33-4FEC-9920-2D3B36D750DF 7F5B1418
ProtectUefiImageCommon - 0x7F5B11C0
  - 0x000000007EDF8000 - 0x0000000000005000
SetUefiImageMemoryAttributes - 0x000000007EDF8000 - 0x0000000000001000 (0x0000000000004008)
Split - 0x7F5B0000
SetUefiImageMemoryAttributes - 0x000000007EDF9000 - 0x0000000000002000 (0x0000000000020008)
ConvertPageEntryAttribute 0x7EDF9063->0x7EDF9061
ConvertPageEntryAttribute 0x7EDFA063->0x7EDFA061
SetUefiImageMemoryAttributes - 0x000000007EDFB000 - 0x0000000000002000 (0x0000000000004008)
InstallProtocolInterface: 5053697E-2CBC-4819-90D9-0580DEEE5754 0
Loading driver EBF8ED7C-0DD1-4787-84F1-F48D537DCACF
InstallProtocolInterface: 5B1B31A1-9562-11D2-8E3F-00A0C969723B 7F5B7C40
Loading driver at 0x0007FE06000 EntryPoint=0x0007FE09DB4 DriverHealthManagerDxe.efi
InstallProtocolInterface: BC62157E-3E33-4FEC-9920-2D3B36D750DF 7F5B7A98
ProtectUefiImageCommon - 0x7F5B7C40
  - 0x000000007FE06000 - 0x0000000000006600
InstallProtocolInterface: 09576E91-6D3F-11D2-8E39-00A0C969723B 7FE0BEA0
InstallProtocolInterface: 330D4706-F2A0-4E4F-A369-B66FA8D54385 7FE0BE70
Loading driver 6D33944A-EC75-4855-A54D-809C75241F6C
InstallProtocolInterface: 5B1B31A1-9562-11D2-8E3F-00A0C969723B 7F5B6040
Loading driver at 0x0007FDEB000 EntryPoint=0x0007FDFF343 BdsDxe.efi
InstallProtocolInterface: BC62157E-3E33-4FEC-9920-2D3B36D750DF 7F5B6298
ProtectUefiImageCommon - 0x7F5B6040
  - 0x000000007FDEB000 - 0x000000000001A700
Select Item: 0x0
FW CFG Signature: 0x554D4551
Select Item: 0x1
FW CFG Revision: 0x3
QemuFwCfg interface (DMA) is supported.
InstallProtocolInterface: 665E3FF6-46CC-11D4-9A38-0090273FC14D 7FE048C0
Loading driver 28A03FF4-12B3-4305-A417-BB1A4F94081E
InstallProtocolInterface: 5B1B31A1-9562-11D2-8E3F-00A0C969723B 7F5B5B40
Loading driver at 0x0007FDE0000 EntryPoint=0x0007FDE6B3E RamDiskDxe.efi
InstallProtocolInterface: BC62157E-3E33-4FEC-9920-2D3B36D750DF 7F5B5098
ProtectUefiImageCommon - 0x7F5B5B40
  - 0x000000007FDE0000 - 0x000000000000AC00
InstallProtocolInterface: 09576E91-6D3F-11D2-8E39-00A0C969723B 7F5B5998
InstallProtocolInterface: 330D4706-F2A0-4E4F-A369-B66FA8D54385 7FDEA7F8
InstallProtocolInterface: 09576E91-6D3F-11D2-8E39-00A0C969723B 7FDEA540
InstallProtocolInterface: 330D4706-F2A0-4E4F-A369-B66FA8D54385 7F5B3F30
InstallProtocolInterface: AB38A0DF-6873-44A9-87E6-D4EB56148449 7FDEA4A0
InstallProtocolInterface: 28A03FF4-12B3-4305-A417-BB1A4F94081E 7F5B3F18
Loading driver E660EA85-058E-4B55-A54B-F02F83A24707
InstallProtocolInterface: 5B1B31A1-9562-11D2-8E3F-00A0C969723B 7F5B47C0
Loading driver at 0x0007FDCC000 EntryPoint=0x0007FDDA2F5 DisplayEngine.efi
InstallProtocolInterface: BC62157E-3E33-4FEC-9920-2D3B36D750DF 7F5B4598
ProtectUefiImageCommon - 0x7F5B47C0
  - 0x000000007FDCC000 - 0x0000000000013300
InstallProtocolInterface: 9BBE29E9-FDA1-41EC-AD52-452213742D2E 7FDDD5B0
InstallProtocolInterface: 4311EDC0-6054-46D4-9E40-893EA952FCCC 7FDDD5C8
Loading driver 4110465D-5FF3-4F4B-B580-24ED0D06747A
InstallProtocolInterface: 5B1B31A1-9562-11D2-8E3F-00A0C969723B 7F5AC0C0
Loading driver at 0x0007FDC7000 EntryPoint=0x0007FDC8B47 SmbiosPlatformDxe.efi
InstallProtocolInterface: BC62157E-3E33-4FEC-9920-2D3B36D750DF 7F5B4218
ProtectUefiImageCommon - 0x7F5AC0C0
  - 0x000000007FDC7000 - 0x0000000000004980
Select Item: 0x0
FW CFG Signature: 0x554D4551
Select Item: 0x1
FW CFG Revision: 0x3
QemuFwCfg interface (DMA) is supported.
Select Item: 0x19
Select Item: 0x27
SmbiosAdd: Smbios type 1 with size 0x4C is added to 32-bit table
SmbiosCreateTable: Initialize 32-bit entry point structure
SmbiosCreateTable() re-allocate SMBIOS 32-bit table
SmbiosAdd: Smbios type 3 with size 0x27 is added to 32-bit table
SmbiosAdd: Smbios type 4 with size 0x42 is added to 32-bit table
SmbiosAdd: Smbios type 4 with size 0x42 is added to 32-bit table
SmbiosAdd: Smbios type 4 with size 0x42 is added to 32-bit table
SmbiosAdd: Smbios type 4 with size 0x42 is added to 32-bit table
SmbiosAdd: Smbios type 16 with size 0x19 is added to 32-bit table
SmbiosAdd: Smbios type 17 with size 0x35 is added to 32-bit table
SmbiosAdd: Smbios type 19 with size 0x21 is added to 32-bit table
SmbiosAdd: Smbios type 19 with size 0x21 is added to 32-bit table
SmbiosAdd: Smbios type 32 with size 0xD is added to 32-bit table
SmbiosAdd: Smbios type 0 with size 0x4A is added to 32-bit table
Loading driver D9DCC5DF-4007-435E-9098-8970935504B2
InstallProtocolInterface: 5B1B31A1-9562-11D2-8E3F-00A0C969723B 7F5AC3C0
Loading driver at 0x0007FDC2000 EntryPoint=0x0007FDC48F8 PlatformDxe.efi
InstallProtocolInterface: BC62157E-3E33-4FEC-9920-2D3B36D750DF 7F5A8B18
ProtectUefiImageCommon - 0x7F5AC3C0
  - 0x000000007FDC2000 - 0x0000000000004B00
InstallProtocolInterface: 09576E91-6D3F-11D2-8E39-00A0C969723B 7FDC6740
InstallProtocolInterface: 330D4706-F2A0-4E4F-A369-B66FA8D54385 7FDC6950
Loading driver 93B80004-9FB3-11D4-9A3A-0090273FC14D
InstallProtocolInterface: 5B1B31A1-9562-11D2-8E3F-00A0C969723B 7F5A8140
Loading driver at 0x0007FDB2000 EntryPoint=0x0007FDBF195 PciBusDxe.efi
InstallProtocolInterface: BC62157E-3E33-4FEC-9920-2D3B36D750DF 7F5A6C98
ProtectUefiImageCommon - 0x7F5A8140
  - 0x000000007FDB2000 - 0x000000000000F940
InstallProtocolInterface: 18A031AB-B443-4D1A-A5C0-0C09261E9F71 7FDC1480
InstallProtocolInterface: 107A772C-D5E1-11D4-9A46-0090273FC14D 7FDC12E0
InstallProtocolInterface: 6A7A5CFF-E8D9-4F70-BADA-75AB3025CE14 7FDC1220
InstallProtocolInterface: 19CB87AB-2CB9-4665-8360-DDCF6054F79D 7FDC1200
Loading driver 33CB97AF-6C33-4C42-986B-07581FA366D4
InstallProtocolInterface: 5B1B31A1-9562-11D2-8E3F-00A0C969723B 7F5A6540
Loading driver at 0x0007FDAF000 EntryPoint=0x0007FDB07BF BlockMmioToBlockIoDxe.efi
InstallProtocolInterface: BC62157E-3E33-4FEC-9920-2D3B36D750DF 7F5A2018
ProtectUefiImageCommon - 0x7F5A6540
  - 0x000000007FDAF000 - 0x0000000000002C80
InstallProtocolInterface: 18A031AB-B443-4D1A-A5C0-0C09261E9F71 7FDB1920
InstallProtocolInterface: 107A772C-D5E1-11D4-9A46-0090273FC14D 7FDB19A0
InstallProtocolInterface: 6A7A5CFF-E8D9-4F70-BADA-75AB3025CE14 7FDB1900
Loading driver 83DD3B39-7CAF-4FAC-A542-E050B767E3A7
InstallProtocolInterface: 5B1B31A1-9562-11D2-8E3F-00A0C969723B 7F5A20C0
Loading driver at 0x0007FDAB000 EntryPoint=0x0007FDACD04 VirtioPciDeviceDxe.efi
InstallProtocolInterface: BC62157E-3E33-4FEC-9920-2D3B36D750DF 7F5A2A18
ProtectUefiImageCommon - 0x7F5A20C0
  - 0x000000007FDAB000 - 0x0000000000003240
InstallProtocolInterface: 18A031AB-B443-4D1A-A5C0-0C09261E9F71 7FDADDE0
InstallProtocolInterface: 107A772C-D5E1-11D4-9A46-0090273FC14D 7FDADF00
InstallProtocolInterface: 6A7A5CFF-E8D9-4F70-BADA-75AB3025CE14 7FDADDC0
Loading driver 0170F60C-1D40-4651-956D-F0BD9879D527
InstallProtocolInterface: 5B1B31A1-9562-11D2-8E3F-00A0C969723B 7F5A2440
Loading driver at 0x0007FDA7000 EntryPoint=0x0007FDA91C3 Virtio10.efi
InstallProtocolInterface: BC62157E-3E33-4FEC-9920-2D3B36D750DF 7F5A5F98
ProtectUefiImageCommon - 0x7F5A2440
  - 0x000000007FDA7000 - 0x00000000000035C0
InstallProtocolInterface: 18A031AB-B443-4D1A-A5C0-0C09261E9F71 7FDAA1A0
InstallProtocolInterface: 107A772C-D5E1-11D4-9A46-0090273FC14D 7FDAA2C0
InstallProtocolInterface: 6A7A5CFF-E8D9-4F70-BADA-75AB3025CE14 7FDAA180
Loading driver 11D92DFB-3CA9-4F93-BA2E-4780ED3E03B5
InstallProtocolInterface: 5B1B31A1-9562-11D2-8E3F-00A0C969723B 7F5A57C0
Loading driver at 0x0007FDA3000 EntryPoint=0x0007FDA52C9 VirtioBlkDxe.efi
InstallProtocolInterface: BC62157E-3E33-4FEC-9920-2D3B36D750DF 7F5A5118
ProtectUefiImageCommon - 0x7F5A57C0
  - 0x000000007FDA3000 - 0x00000000000037C0
InstallProtocolInterface: 18A031AB-B443-4D1A-A5C0-0C09261E9F71 7FDA6460
InstallProtocolInterface: 107A772C-D5E1-11D4-9A46-0090273FC14D 7FDA64E0
InstallProtocolInterface: 6A7A5CFF-E8D9-4F70-BADA-75AB3025CE14 7FDA6440
Loading driver FAB5D4F4-83C0-4AAF-8480-442D11DF6CEA
InstallProtocolInterface: 5B1B31A1-9562-11D2-8E3F-00A0C969723B 7F5A4040
Loading driver at 0x0007FD9F000 EntryPoint=0x0007FDA17B1 VirtioScsiDxe.efi
InstallProtocolInterface: BC62157E-3E33-4FEC-9920-2D3B36D750DF 7F5A5418
ProtectUefiImageCommon - 0x7F5A4040
  - 0x000000007FD9F000 - 0x0000000000003C40
InstallProtocolInterface: 18A031AB-B443-4D1A-A5C0-0C09261E9F71 7FDA28E0
InstallProtocolInterface: 107A772C-D5E1-11D4-9A46-0090273FC14D 7FDA2960
InstallProtocolInterface: 6A7A5CFF-E8D9-4F70-BADA-75AB3025CE14 7FDA28C0
Loading driver 58E26F0D-CBAC-4BBA-B70F-18221415665A
InstallProtocolInterface: 5B1B31A1-9562-11D2-8E3F-00A0C969723B 7F5A49C0
Loading driver at 0x0007FD9B000 EntryPoint=0x0007FD9CDC8 VirtioRngDxe.efi
InstallProtocolInterface: BC62157E-3E33-4FEC-9920-2D3B36D750DF 7F5A4798
ProtectUefiImageCommon - 0x7F5A49C0
  - 0x000000007FD9B000 - 0x0000000000003180
InstallProtocolInterface: 18A031AB-B443-4D1A-A5C0-0C09261E9F71 7FD9DE20
InstallProtocolInterface: 107A772C-D5E1-11D4-9A46-0090273FC14D 7FD9DEA0
InstallProtocolInterface: 6A7A5CFF-E8D9-4F70-BADA-75AB3025CE14 7FD9DE00
Loading driver CF569F50-DE44-4F54-B4D7-F4AE25CDA599
InstallProtocolInterface: 5B1B31A1-9562-11D2-8E3F-00A0C969723B 7F5A3040
Loading driver at 0x0007FD98000 EntryPoint=0x0007FD994E4 XenIoPciDxe.efi
InstallProtocolInterface: BC62157E-3E33-4FEC-9920-2D3B36D750DF 7F5A3D18
ProtectUefiImageCommon - 0x7F5A3040
  - 0x000000007FD98000 - 0x0000000000002700
InstallProtocolInterface: 18A031AB-B443-4D1A-A5C0-0C09261E9F71 7FD9A3A0
InstallProtocolInterface: 107A772C-D5E1-11D4-9A46-0090273FC14D 7FD9A420
InstallProtocolInterface: 6A7A5CFF-E8D9-4F70-BADA-75AB3025CE14 7FD9A380
Loading driver 565EC8BA-A484-11E3-802B-B8AC6F7D65E6
InstallProtocolInterface: 5B1B31A1-9562-11D2-8E3F-00A0C969723B 7F5A3440
Loading driver at 0x0007FD8F000 EntryPoint=0x0007FD937E1 XenBusDxe.efi
InstallProtocolInterface: BC62157E-3E33-4FEC-9920-2D3B36D750DF 7F5A3C18
ProtectUefiImageCommon - 0x7F5A3440
  - 0x000000007FD8F000 - 0x0000000000009000
Error: Image at 0007FD8F000 start failed: Aborted
Loading driver 8C2487EA-9AF3-11E3-B966-B8AC6F7D65E6
InstallProtocolInterface: 5B1B31A1-9562-11D2-8E3F-00A0C969723B 7F5A3440
Loading driver at 0x0007FD93000 EntryPoint=0x0007FD95FE4 XenPvBlkDxe.efi
InstallProtocolInterface: BC62157E-3E33-4FEC-9920-2D3B36D750DF 7F5A3B98
ProtectUefiImageCommon - 0x7F5A3440
  - 0x000000007FD93000 - 0x0000000000004E80
InstallProtocolInterface: 18A031AB-B443-4D1A-A5C0-0C09261E9F71 7FD97B80
InstallProtocolInterface: 107A772C-D5E1-11D4-9A46-0090273FC14D 7FD97A40
InstallProtocolInterface: 6A7A5CFF-E8D9-4F70-BADA-75AB3025CE14 7FD97B40
Loading driver 51CCF399-4FDF-4E55-A45B-E123F84D456A
InstallProtocolInterface: 5B1B31A1-9562-11D2-8E3F-00A0C969723B 7F5A1B40
Loading driver at 0x0007FD8E000 EntryPoint=0x0007FD904B2 ConPlatformDxe.efi
InstallProtocolInterface: BC62157E-3E33-4FEC-9920-2D3B36D750DF 7F5A1E18
ProtectUefiImageCommon - 0x7F5A1B40
  - 0x000000007FD8E000 - 0x0000000000004080
InstallProtocolInterface: 18A031AB-B443-4D1A-A5C0-0C09261E9F71 7FD91C20
InstallProtocolInterface: 107A772C-D5E1-11D4-9A46-0090273FC14D 7FD91D30
InstallProtocolInterface: 6A7A5CFF-E8D9-4F70-BADA-75AB3025CE14 7FD91D10
InstallProtocolInterface: 18A031AB-B443-4D1A-A5C0-0C09261E9F71 7FD91BE0
InstallProtocolInterface: 107A772C-D5E1-11D4-9A46-0090273FC14D 7FD91D30
InstallProtocolInterface: 6A7A5CFF-E8D9-4F70-BADA-75AB3025CE14 7FD91D10
Loading driver 408EDCEC-CF6D-477C-A5A8-B4844E3DE281
InstallProtocolInterface: 5B1B31A1-9562-11D2-8E3F-00A0C969723B 7F5A1240
Loading driver at 0x0007FD86000 EntryPoint=0x0007FD8AF30 ConSplitterDxe.efi
InstallProtocolInterface: BC62157E-3E33-4FEC-9920-2D3B36D750DF 7F5A1518
ProtectUefiImageCommon - 0x7F5A1240
  - 0x000000007FD86000 - 0x0000000000007500
InstallProtocolInterface: 18A031AB-B443-4D1A-A5C0-0C09261E9F71 7FD8CAA0
InstallProtocolInterface: 107A772C-D5E1-11D4-9A46-0090273FC14D 7FD8CA80
InstallProtocolInterface: 6A7A5CFF-E8D9-4F70-BADA-75AB3025CE14 7FD8CA10
InstallProtocolInterface: 18A031AB-B443-4D1A-A5C0-0C09261E9F71 7FD8CB20
InstallProtocolInterface: 107A772C-D5E1-11D4-9A46-0090273FC14D 7FD8CB00
InstallProtocolInterface: 6A7A5CFF-E8D9-4F70-BADA-75AB3025CE14 7FD8C9F0
InstallProtocolInterface: 18A031AB-B443-4D1A-A5C0-0C09261E9F71 7FD8CBA0
InstallProtocolInterface: 107A772C-D5E1-11D4-9A46-0090273FC14D 7FD8CB80
InstallProtocolInterface: 6A7A5CFF-E8D9-4F70-BADA-75AB3025CE14 7FD8C9D0
InstallProtocolInterface: 18A031AB-B443-4D1A-A5C0-0C09261E9F71 7FD8CC20
InstallProtocolInterface: 107A772C-D5E1-11D4-9A46-0090273FC14D 7FD8CC00
InstallProtocolInterface: 6A7A5CFF-E8D9-4F70-BADA-75AB3025CE14 7FD8C9B0
InstallProtocolInterface: 18A031AB-B443-4D1A-A5C0-0C09261E9F71 7FD8CCA0
InstallProtocolInterface: 107A772C-D5E1-11D4-9A46-0090273FC14D 7FD8CC80
InstallProtocolInterface: 6A7A5CFF-E8D9-4F70-BADA-75AB3025CE14 7FD8C990
InstallProtocolInterface: 387477C1-69C7-11D2-8E39-00A0C969723B 7FD8CD70
InstallProtocolInterface: DD9E7534-7762-4698-8C14-F58517A625AA 7FD8CDA0
InstallProtocolInterface: 31878C87-0B75-11D5-9A4F-0090273FC14D 7FD8CE00
InstallProtocolInterface: 8D59D32B-C655-4AE9-9B15-F25904992A43 7FD8CE58
InstallProtocolInterface: 387477C2-69C7-11D2-8E39-00A0C969723B 7FD8D070
InstallProtocolInterface: 387477C2-69C7-11D2-8E39-00A0C969723B 7FD8CF30
Loading driver CCCB0C28-4B24-11D5-9A5A-0090273FC14D
InstallProtocolInterface: 5B1B31A1-9562-11D2-8E3F-00A0C969723B 7F59E0C0
Loading driver at 0x0007FD7F000 EntryPoint=0x0007FD82048 GraphicsConsoleDxe.efi
InstallProtocolInterface: BC62157E-3E33-4FEC-9920-2D3B36D750DF 7F59EC98
ProtectUefiImageCommon - 0x7F59E0C0
  - 0x000000007FD7F000 - 0x0000000000006040
InstallProtocolInterface: 18A031AB-B443-4D1A-A5C0-0C09261E9F71 7FD835A0
InstallProtocolInterface: 107A772C-D5E1-11D4-9A46-0090273FC14D 7FD83600
InstallProtocolInterface: 6A7A5CFF-E8D9-4F70-BADA-75AB3025CE14 7FD83580
Loading driver 9E863906-A40F-4875-977F-5B93FF237FC6
InstallProtocolInterface: 5B1B31A1-9562-11D2-8E3F-00A0C969723B 7F59D040
Loading driver at 0x0007FD77000 EntryPoint=0x0007FD7CA4B TerminalDxe.efi
InstallProtocolInterface: BC62157E-3E33-4FEC-9920-2D3B36D750DF 7F59DD18
ProtectUefiImageCommon - 0x7F59D040
  - 0x000000007FD77000 - 0x0000000000007F00
InstallProtocolInterface: 18A031AB-B443-4D1A-A5C0-0C09261E9F71 7FD7E540
InstallProtocolInterface: 107A772C-D5E1-11D4-9A46-0090273FC14D 7FD7E6F0
InstallProtocolInterface: 6A7A5CFF-E8D9-4F70-BADA-75AB3025CE14 7FD7E6D0
Loading driver 6B38F7B4-AD98-40E9-9093-ACA2B5A253C4
InstallProtocolInterface: 5B1B31A1-9562-11D2-8E3F-00A0C969723B 7F59D440
Loading driver at 0x0007FD72000 EntryPoint=0x0007FD75196 DiskIoDxe.efi
InstallProtocolInterface: BC62157E-3E33-4FEC-9920-2D3B36D750DF 7F59DC18
ProtectUefiImageCommon - 0x7F59D440
  - 0x000000007FD72000 - 0x0000000000004C80
InstallProtocolInterface: 18A031AB-B443-4D1A-A5C0-0C09261E9F71 7FD76860
InstallProtocolInterface: 107A772C-D5E1-11D4-9A46-0090273FC14D 7FD768C0
InstallProtocolInterface: 6A7A5CFF-E8D9-4F70-BADA-75AB3025CE14 7FD76840
Loading driver 1FA1F39E-FEFF-4AAE-BD7B-38A070A3B609
InstallProtocolInterface: 5B1B31A1-9562-11D2-8E3F-00A0C969723B 7F59C040
Loading driver at 0x0007FD6B000 EntryPoint=0x0007FD6F79E PartitionDxe.efi
InstallProtocolInterface: BC62157E-3E33-4FEC-9920-2D3B36D750DF 7F59CE18
ProtectUefiImageCommon - 0x7F59C040
  - 0x000000007FD6B000 - 0x0000000000006340
InstallProtocolInterface: 18A031AB-B443-4D1A-A5C0-0C09261E9F71 7FD70F20
InstallProtocolInterface: 107A772C-D5E1-11D4-9A46-0090273FC14D 7FD70F80
InstallProtocolInterface: 6A7A5CFF-E8D9-4F70-BADA-75AB3025CE14 7FD70F00
Loading driver CD3BAFB6-50FB-4FE8-8E4E-AB74D2C1A600
InstallProtocolInterface: 5B1B31A1-9562-11D2-8E3F-00A0C969723B 7F59C440
Loading driver at 0x0007FD68000 EntryPoint=0x0007FD691C1 EnglishDxe.efi
InstallProtocolInterface: BC62157E-3E33-4FEC-9920-2D3B36D750DF 7F59C398
ProtectUefiImageCommon - 0x7F59C440
  - 0x000000007FD68000 - 0x0000000000002100
InstallProtocolInterface: 1D85CD7F-F43D-11D2-9A0C-0090273FC14D 7FD69AE0
InstallProtocolInterface: A4C751FC-23AE-4C3E-92E9-4964CF63F349 7FD69A80
Loading driver 0167CCC4-D0F7-4F21-A3EF-9E64B7CDCE8B
InstallProtocolInterface: 5B1B31A1-9562-11D2-8E3F-00A0C969723B 7F59B0C0
Loading driver at 0x0007FD63000 EntryPoint=0x0007FD65B8C ScsiBus.efi
InstallProtocolInterface: BC62157E-3E33-4FEC-9920-2D3B36D750DF 7F59BA98
ProtectUefiImageCommon - 0x7F59B0C0
  - 0x000000007FD63000 - 0x0000000000004240
InstallProtocolInterface: 18A031AB-B443-4D1A-A5C0-0C09261E9F71 7FD66E60
InstallProtocolInterface: 107A772C-D5E1-11D4-9A46-0090273FC14D 7FD66EC0
InstallProtocolInterface: 6A7A5CFF-E8D9-4F70-BADA-75AB3025CE14 7FD66E40
Loading driver 0A66E322-3740-4CCE-AD62-BD172CECCA35
InstallProtocolInterface: 5B1B31A1-9562-11D2-8E3F-00A0C969723B 7F59B3C0
Loading driver at 0x0007FD59000 EntryPoint=0x0007FD60651 ScsiDisk.efi
InstallProtocolInterface: BC62157E-3E33-4FEC-9920-2D3B36D750DF 7F59B718
ProtectUefiImageCommon - 0x7F59B3C0
  - 0x000000007FD59000 - 0x0000000000009240
InstallProtocolInterface: 18A031AB-B443-4D1A-A5C0-0C09261E9F71 7FD61DE0
InstallProtocolInterface: 107A772C-D5E1-11D4-9A46-0090273FC14D 7FD61EB0
InstallProtocolInterface: 6A7A5CFF-E8D9-4F70-BADA-75AB3025CE14 7FD61E90
Loading driver 021722D8-522B-4079-852A-FE44C2C13F49
InstallProtocolInterface: 5B1B31A1-9562-11D2-8E3F-00A0C969723B 7F59ACC0
Loading driver at 0x0007FD55000 EntryPoint=0x0007FD56EE4 SataController.efi
InstallProtocolInterface: BC62157E-3E33-4FEC-9920-2D3B36D750DF 7F59A918
ProtectUefiImageCommon - 0x7F59ACC0
  - 0x000000007FD55000 - 0x00000000000034C0
InstallProtocolInterface: 18A031AB-B443-4D1A-A5C0-0C09261E9F71 7FD58180
InstallProtocolInterface: 107A772C-D5E1-11D4-9A46-0090273FC14D 7FD58160
InstallProtocolInterface: 6A7A5CFF-E8D9-4F70-BADA-75AB3025CE14 7FD58100
Loading driver 5E523CB4-D397-4986-87BD-A6DD8B22F455
InstallProtocolInterface: 5B1B31A1-9562-11D2-8E3F-00A0C969723B 7F59A340
Loading driver at 0x0007FD4A000 EntryPoint=0x0007FD51BBD AtaAtapiPassThruDxe.efi
InstallProtocolInterface: BC62157E-3E33-4FEC-9920-2D3B36D750DF 7F59AB18
ProtectUefiImageCommon - 0x7F59A340
  - 0x000000007FD4A000 - 0x000000000000A0C0
InstallProtocolInterface: 18A031AB-B443-4D1A-A5C0-0C09261E9F71 7FD53D40
InstallProtocolInterface: 107A772C-D5E1-11D4-9A46-0090273FC14D 7FD53D00
InstallProtocolInterface: 6A7A5CFF-E8D9-4F70-BADA-75AB3025CE14 7FD53A50
Loading driver 19DF145A-B1D4-453F-8507-38816676D7F6
InstallProtocolInterface: 5B1B31A1-9562-11D2-8E3F-00A0C969723B 7F599140
Loading driver at 0x0007FD43000 EntryPoint=0x0007FD47631 AtaBusDxe.efi
InstallProtocolInterface: BC62157E-3E33-4FEC-9920-2D3B36D750DF 7F599B18
ProtectUefiImageCommon - 0x7F599140
  - 0x000000007FD43000 - 0x0000000000006840
InstallProtocolInterface: 18A031AB-B443-4D1A-A5C0-0C09261E9F71 7FD494E0
InstallProtocolInterface: 107A772C-D5E1-11D4-9A46-0090273FC14D 7FD494A0
InstallProtocolInterface: 6A7A5CFF-E8D9-4F70-BADA-75AB3025CE14 7FD49220
Loading driver 5BE3BDF4-53CF-46A3-A6A9-73C34A6E5EE3
InstallProtocolInterface: 5B1B31A1-9562-11D2-8E3F-00A0C969723B 7F599540
Loading driver at 0x0007FD39000 EntryPoint=0x0007FD4066B NvmExpressDxe.efi
InstallProtocolInterface: BC62157E-3E33-4FEC-9920-2D3B36D750DF 7F58B018
ProtectUefiImageCommon - 0x7F599540
  - 0x000000007FD39000 - 0x0000000000009F40
InstallProtocolInterface: 18A031AB-B443-4D1A-A5C0-0C09261E9F71 7FD42B40
InstallProtocolInterface: 107A772C-D5E1-11D4-9A46-0090273FC14D 7FD42BD0
InstallProtocolInterface: 6A7A5CFF-E8D9-4F70-BADA-75AB3025CE14 7FD42BB0
InstallProtocolInterface: 5C198761-16A8-4E69-972C-89D67954F81D 7FD42AD0
Loading driver 38A0EC22-FBE7-4911-8BC1-176E0D6C1DBD
InstallProtocolInterface: 5B1B31A1-9562-11D2-8E3F-00A0C969723B 7F58B140
Loading driver at 0x0007EDF0000 EntryPoint=0x0007EDF1780 IsaAcpi.efi
InstallProtocolInterface: BC62157E-3E33-4FEC-9920-2D3B36D750DF 7F58B398
ProtectUefiImageCommon - 0x7F58B140
  - 0x000000007EDF0000 - 0x0000000000002B40
InstallProtocolInterface: 18A031AB-B443-4D1A-A5C0-0C09261E9F71 7EDF2720
InstallProtocolInterface: 107A772C-D5E1-11D4-9A46-0090273FC14D 7EDF2800
InstallProtocolInterface: 6A7A5CFF-E8D9-4F70-BADA-75AB3025CE14 7EDF26F0
Loading driver 240612B5-A063-11D4-9A3A-0090273FC14D
InstallProtocolInterface: 5B1B31A1-9562-11D2-8E3F-00A0C969723B 7F591040
Loading driver at 0x0007EDEC000 EntryPoint=0x0007EDEE91A IsaBusDxe.efi
InstallProtocolInterface: BC62157E-3E33-4FEC-9920-2D3B36D750DF 7F58B598
ProtectUefiImageCommon - 0x7F591040
  - 0x000000007EDEC000 - 0x0000000000003F80
InstallProtocolInterface: 18A031AB-B443-4D1A-A5C0-0C09261E9F71 7EDEFB40
InstallProtocolInterface: 107A772C-D5E1-11D4-9A46-0090273FC14D 7EDEFBA0
InstallProtocolInterface: 6A7A5CFF-E8D9-4F70-BADA-75AB3025CE14 7EDEFB10
Loading driver 93B80003-9FB3-11D4-9A3A-0090273FC14D
InstallProtocolInterface: 5B1B31A1-9562-11D2-8E3F-00A0C969723B 7F5919C0
Loading driver at 0x0007EDE6000 EntryPoint=0x0007EDE99CA IsaSerialDxe.efi
InstallProtocolInterface: BC62157E-3E33-4FEC-9920-2D3B36D750DF 7F591918
ProtectUefiImageCommon - 0x7F5919C0
  - 0x000000007EDE6000 - 0x0000000000005100
InstallProtocolInterface: 18A031AB-B443-4D1A-A5C0-0C09261E9F71 7EDEAC20
InstallProtocolInterface: 107A772C-D5E1-11D4-9A46-0090273FC14D 7EDEAC80
InstallProtocolInterface: 6A7A5CFF-E8D9-4F70-BADA-75AB3025CE14 7EDEAC60
Loading driver 3DC82376-637B-40A6-A8FC-A565417F2C38
InstallProtocolInterface: 5B1B31A1-9562-11D2-8E3F-00A0C969723B 7F595040
Loading driver at 0x0007EDE0000 EntryPoint=0x0007EDE3D55 Ps2KeyboardDxe.efi
InstallProtocolInterface: BC62157E-3E33-4FEC-9920-2D3B36D750DF 7F595F18
ProtectUefiImageCommon - 0x7F595040
  - 0x000000007EDE0000 - 0x0000000000005C80
InstallProtocolInterface: 18A031AB-B443-4D1A-A5C0-0C09261E9F71 7EDE5880
InstallProtocolInterface: 107A772C-D5E1-11D4-9A46-0090273FC14D 7EDE58F0
InstallProtocolInterface: 6A7A5CFF-E8D9-4F70-BADA-75AB3025CE14 7EDE58D0
Loading driver 0ABD8284-6DA3-4616-971A-83A5148067BA
InstallProtocolInterface: 5B1B31A1-9562-11D2-8E3F-00A0C969723B 7F595440
Loading driver at 0x0007EDDA000 EntryPoint=0x0007EDDD72D IsaFloppyDxe.efi
InstallProtocolInterface: BC62157E-3E33-4FEC-9920-2D3B36D750DF 7F595A18
ProtectUefiImageCommon - 0x7F595440
  - 0x000000007EDDA000 - 0x0000000000005380
InstallProtocolInterface: 18A031AB-B443-4D1A-A5C0-0C09261E9F71 7EDDEFC0
InstallProtocolInterface: 107A772C-D5E1-11D4-9A46-0090273FC14D 7EDDF010
InstallProtocolInterface: 6A7A5CFF-E8D9-4F70-BADA-75AB3025CE14 7EDDEFF0
Loading driver B8E62775-BB0A-43F0-A843-5BE8B14F8CCD
InstallProtocolInterface: 5B1B31A1-9562-11D2-8E3F-00A0C969723B 7F590040
Loading driver at 0x0007EDD7000 EntryPoint=0x0007EDD841B BootGraphicsResourceTableDxe.efi
InstallProtocolInterface: BC62157E-3E33-4FEC-9920-2D3B36D750DF 7F590F18
ProtectUefiImageCommon - 0x7F590040
  - 0x000000007EDD7000 - 0x00000000000027C0
InstallProtocolInterface: CDEA2BD3-FC25-4C1C-B97C-B31186064990 7EDD93A0
Loading driver 961578FE-B6B7-44C3-AF35-6BC705CD2B1F
InstallProtocolInterface: 5B1B31A1-9562-11D2-8E3F-00A0C969723B 7F590740
Loading driver at 0x0007EDCC000 EntryPoint=0x0007EDD3F1E Fat.efi
InstallProtocolInterface: BC62157E-3E33-4FEC-9920-2D3B36D750DF 7F590E18
ProtectUefiImageCommon - 0x7F590740
  - 0x000000007EDCC000 - 0x000000000000A4C0
InstallProtocolInterface: 18A031AB-B443-4D1A-A5C0-0C09261E9F71 7EDD6020
InstallProtocolInterface: 107A772C-D5E1-11D4-9A46-0090273FC14D 7EDD6000
InstallProtocolInterface: 6A7A5CFF-E8D9-4F70-BADA-75AB3025CE14 7EDD5F80
Loading driver 905F13B0-8F91-4B0A-BD76-E1E78F9422E4
InstallProtocolInterface: 5B1B31A1-9562-11D2-8E3F-00A0C969723B 7F594B40
Loading driver at 0x0007EDC5000 EntryPoint=0x0007EDC96FE UdfDxe.efi
InstallProtocolInterface: BC62157E-3E33-4FEC-9920-2D3B36D750DF 7F594A98
ProtectUefiImageCommon - 0x7F594B40
  - 0x000000007EDC5000 - 0x0000000000006100
InstallProtocolInterface: 18A031AB-B443-4D1A-A5C0-0C09261E9F71 7EDCACA0
InstallProtocolInterface: 107A772C-D5E1-11D4-9A46-0090273FC14D 7EDCAD00
InstallProtocolInterface: 6A7A5CFF-E8D9-4F70-BADA-75AB3025CE14 7EDCAC80
Loading driver A2F436EA-A127-4EF8-957C-8048606FF670
InstallProtocolInterface: 5B1B31A1-9562-11D2-8E3F-00A0C969723B 7F5942C0
Loading driver at 0x0007EDBD000 EntryPoint=0x0007EDC22A3 SnpDxe.efi
InstallProtocolInterface: BC62157E-3E33-4FEC-9920-2D3B36D750DF 7F593F18
ProtectUefiImageCommon - 0x7F5942C0
  - 0x000000007EDBD000 - 0x0000000000007980
InstallProtocolInterface: 18A031AB-B443-4D1A-A5C0-0C09261E9F71 7EDC4660
InstallProtocolInterface: 107A772C-D5E1-11D4-9A46-0090273FC14D 7EDC4620
InstallProtocolInterface: 6A7A5CFF-E8D9-4F70-BADA-75AB3025CE14 7EDC4600
Loading driver 025BBFC7-E6A9-4B8B-82AD-6815A1AEAF4A
InstallProtocolInterface: 5B1B31A1-9562-11D2-8E3F-00A0C969723B 7F593BC0
Loading driver at 0x0007EDB2000 EntryPoint=0x0007EDB9CD7 MnpDxe.efi
InstallProtocolInterface: BC62157E-3E33-4FEC-9920-2D3B36D750DF 7F593A98
ProtectUefiImageCommon - 0x7F593BC0
  - 0x000000007EDB2000 - 0x000000000000AE00
InstallProtocolInterface: 18A031AB-B443-4D1A-A5C0-0C09261E9F71 7EDBCA60
InstallProtocolInterface: 107A772C-D5E1-11D4-9A46-0090273FC14D 7EDBC9A0
InstallProtocolInterface: 6A7A5CFF-E8D9-4F70-BADA-75AB3025CE14 7EDBC980
Loading driver E4F61863-FE2C-4B56-A8F4-08519BC439DF
InstallProtocolInterface: 5B1B31A1-9562-11D2-8E3F-00A0C969723B 7F5932C0
Loading driver at 0x0007EDAB000 EntryPoint=0x0007EDAF663 VlanConfigDxe.efi
InstallProtocolInterface: BC62157E-3E33-4FEC-9920-2D3B36D750DF 7F593098
ProtectUefiImageCommon - 0x7F5932C0
  - 0x000000007EDAB000 - 0x0000000000006F80
InstallProtocolInterface: 18A031AB-B443-4D1A-A5C0-0C09261E9F71 7EDB14A0
InstallProtocolInterface: 107A772C-D5E1-11D4-9A46-0090273FC14D 7EDB1500
InstallProtocolInterface: 6A7A5CFF-E8D9-4F70-BADA-75AB3025CE14 7EDB1480
Loading driver 529D3F93-E8E9-4E73-B1E1-BDF6A9D50113
InstallProtocolInterface: 5B1B31A1-9562-11D2-8E3F-00A0C969723B 7F5920C0
Loading driver at 0x0007EDA4000 EntryPoint=0x0007EDA8280 ArpDxe.efi
InstallProtocolInterface: BC62157E-3E33-4FEC-9920-2D3B36D750DF 7F592918
ProtectUefiImageCommon - 0x7F5920C0
  - 0x000000007EDA4000 - 0x0000000000006140
InstallProtocolInterface: 18A031AB-B443-4D1A-A5C0-0C09261E9F71 7EDA9E20
InstallProtocolInterface: 107A772C-D5E1-11D4-9A46-0090273FC14D 7EDA9D80
InstallProtocolInterface: 6A7A5CFF-E8D9-4F70-BADA-75AB3025CE14 7EDA9D10
Loading driver 94734718-0BBC-47FB-96A5-EE7A5AE6A2AD
InstallProtocolInterface: 5B1B31A1-9562-11D2-8E3F-00A0C969723B 7F5923C0
Loading driver at 0x0007ED99000 EntryPoint=0x0007EDA04CA Dhcp4Dxe.efi
InstallProtocolInterface: BC62157E-3E33-4FEC-9920-2D3B36D750DF 7F592718
ProtectUefiImageCommon - 0x7F5923C0
  - 0x000000007ED99000 - 0x000000000000A500
InstallProtocolInterface: 18A031AB-B443-4D1A-A5C0-0C09261E9F71 7EDA25C0
InstallProtocolInterface: 107A772C-D5E1-11D4-9A46-0090273FC14D 7EDA2510
InstallProtocolInterface: 6A7A5CFF-E8D9-4F70-BADA-75AB3025CE14 7EDA24A0
Loading driver 9FB1A1F3-3B71-4324-B39A-745CBB015FFF
InstallProtocolInterface: 5B1B31A1-9562-11D2-8E3F-00A0C969723B 7F58F0C0
Loading driver at 0x0007ED85000 EntryPoint=0x0007ED949F9 Ip4Dxe.efi
InstallProtocolInterface: BC62157E-3E33-4FEC-9920-2D3B36D750DF 7F58F898
ProtectUefiImageCommon - 0x7F58F0C0
  - 0x000000007ED85000 - 0x0000000000013900
InstallProtocolInterface: 18A031AB-B443-4D1A-A5C0-0C09261E9F71 7ED97EC0
InstallProtocolInterface: 107A772C-D5E1-11D4-9A46-0090273FC14D 7ED97E60
InstallProtocolInterface: 6A7A5CFF-E8D9-4F70-BADA-75AB3025CE14 7ED97E40
Loading driver DC3641B8-2FA8-4ED3-BC1F-F9962A03454B
InstallProtocolInterface: 5B1B31A1-9562-11D2-8E3F-00A0C969723B 7F58E040
Loading driver at 0x0007ED7B000 EntryPoint=0x0007ED81E9E Mtftp4Dxe.efi
InstallProtocolInterface: BC62157E-3E33-4FEC-9920-2D3B36D750DF 7F58EF18
ProtectUefiImageCommon - 0x7F58E040
  - 0x000000007ED7B000 - 0x0000000000009480
InstallProtocolInterface: 18A031AB-B443-4D1A-A5C0-0C09261E9F71 7ED840E0
InstallProtocolInterface: 107A772C-D5E1-11D4-9A46-0090273FC14D 7ED84020
InstallProtocolInterface: 6A7A5CFF-E8D9-4F70-BADA-75AB3025CE14 7ED84000
Loading driver 6D6963AB-906D-4A65-A7CA-BD40E5D6AF2B
InstallProtocolInterface: 5B1B31A1-9562-11D2-8E3F-00A0C969723B 7F58E440
Loading driver at 0x0007ED72000 EntryPoint=0x0007ED7888A Udp4Dxe.efi
InstallProtocolInterface: BC62157E-3E33-4FEC-9920-2D3B36D750DF 7F58EA18
ProtectUefiImageCommon - 0x7F58E440
  - 0x000000007ED72000 - 0x0000000000008E00
InstallProtocolInterface: 18A031AB-B443-4D1A-A5C0-0C09261E9F71 7ED7AAA0
InstallProtocolInterface: 107A772C-D5E1-11D4-9A46-0090273FC14D 7ED7A9C0
InstallProtocolInterface: 6A7A5CFF-E8D9-4F70-BADA-75AB3025CE14 7ED7A9A0
Loading driver 6D6963AB-906D-4A65-A7CA-BD40E5D6AF4D
InstallProtocolInterface: 5B1B31A1-9562-11D2-8E3F-00A0C969723B 7F58D040
Loading driver at 0x0007ED61000 EntryPoint=0x0007ED6CBC6 Tcp4Dxe.efi
InstallProtocolInterface: BC62157E-3E33-4FEC-9920-2D3B36D750DF 7F58DF18
ProtectUefiImageCommon - 0x7F58D040
  - 0x000000007ED61000 - 0x0000000000010800
InstallProtocolInterface: 18A031AB-B443-4D1A-A5C0-0C09261E9F71 7ED714A0
InstallProtocolInterface: 107A772C-D5E1-11D4-9A46-0090273FC14D 7ED71380
InstallProtocolInterface: 6A7A5CFF-E8D9-4F70-BADA-75AB3025CE14 7ED71360
Loading driver 3B1DEAB5-C75D-442E-9238-8E2FFB62B0BB
InstallProtocolInterface: 5B1B31A1-9562-11D2-8E3F-00A0C969723B 7F58D440
Loading driver at 0x0007ED57000 EntryPoint=0x0007ED5EC31 UefiPxe4BcDxe.efi
InstallProtocolInterface: BC62157E-3E33-4FEC-9920-2D3B36D750DF 7F58D998
ProtectUefiImageCommon - 0x7F58D440
  - 0x000000007ED57000 - 0x0000000000009F80
InstallProtocolInterface: 18A031AB-B443-4D1A-A5C0-0C09261E9F71 7ED609C0
InstallProtocolInterface: 107A772C-D5E1-11D4-9A46-0090273FC14D 7ED60B80
InstallProtocolInterface: 6A7A5CFF-E8D9-4F70-BADA-75AB3025CE14 7ED60990
Loading driver 4579B72D-7EC4-4DD4-8486-083C86B182A7
InstallProtocolInterface: 5B1B31A1-9562-11D2-8E3F-00A0C969723B 7F58CB40
Loading driver at 0x0007ED45000 EntryPoint=0x0007ED52438 IScsi4Dxe.efi
InstallProtocolInterface: BC62157E-3E33-4FEC-9920-2D3B36D750DF 7F58CA98
ProtectUefiImageCommon - 0x7F58CB40
  - 0x000000007ED45000 - 0x0000000000011A00
InstallProtocolInterface: 18A031AB-B443-4D1A-A5C0-0C09261E9F71 7ED563C0
InstallProtocolInterface: 107A772C-D5E1-11D4-9A46-0090273FC14D 7ED56540
InstallProtocolInterface: 6A7A5CFF-E8D9-4F70-BADA-75AB3025CE14 7ED56520
InstallProtocolInterface: 59324945-EC44-4C0D-B1CD-9DB139DF070C 7ED565B0
InstallProtocolInterface: 09576E91-6D3F-11D2-8E39-00A0C969723B 7ED56340
InstallProtocolInterface: 330D4706-F2A0-4E4F-A369-B66FA8D54385 7F58C6A8
Loading driver B219E140-DFFC-11E3-B956-0022681E6906
InstallProtocolInterface: 5B1B31A1-9562-11D2-8E3F-00A0C969723B 7F58A040
Loading driver at 0x0007ED39000 EntryPoint=0x0007ED42415 DnsDxe.efi
InstallProtocolInterface: BC62157E-3E33-4FEC-9920-2D3B36D750DF 7F58CE18
ProtectUefiImageCommon - 0x7F58A040
  - 0x000000007ED39000 - 0x000000000000BA80
InstallProtocolInterface: 18A031AB-B443-4D1A-A5C0-0C09261E9F71 7ED445C0
InstallProtocolInterface: 107A772C-D5E1-11D4-9A46-0090273FC14D 7ED44720
InstallProtocolInterface: 6A7A5CFF-E8D9-4F70-BADA-75AB3025CE14 7ED44700
InstallProtocolInterface: 18A031AB-B443-4D1A-A5C0-0C09261E9F71 7ED44600
InstallProtocolInterface: 107A772C-D5E1-11D4-9A46-0090273FC14D 7ED44720
InstallProtocolInterface: 6A7A5CFF-E8D9-4F70-BADA-75AB3025CE14 7ED44700
Loading driver 2366C20F-E15A-11E3-8BF1-E4115B28BC50
InstallProtocolInterface: 5B1B31A1-9562-11D2-8E3F-00A0C969723B 7F588040
Loading driver at 0x0007ED2C000 EntryPoint=0x0007ED365FD HttpDxe.efi
InstallProtocolInterface: BC62157E-3E33-4FEC-9920-2D3B36D750DF 7F58A818
ProtectUefiImageCommon - 0x7F588040
  - 0x000000007ED2C000 - 0x000000000000CE40
InstallProtocolInterface: 18A031AB-B443-4D1A-A5C0-0C09261E9F71 7ED38960
InstallProtocolInterface: 107A772C-D5E1-11D4-9A46-0090273FC14D 7ED38B20
InstallProtocolInterface: 6A7A5CFF-E8D9-4F70-BADA-75AB3025CE14 7ED38B00
InstallProtocolInterface: 18A031AB-B443-4D1A-A5C0-0C09261E9F71 7ED38920
InstallProtocolInterface: 107A772C-D5E1-11D4-9A46-0090273FC14D 7ED38B20
InstallProtocolInterface: 6A7A5CFF-E8D9-4F70-BADA-75AB3025CE14 7ED38B00
Loading driver ECEBCB00-D9C8-11E4-AF3D-8CDCD426C973
InstallProtocolInterface: 5B1B31A1-9562-11D2-8E3F-00A0C969723B 7F5887C0
Loading driver at 0x0007ED1B000 EntryPoint=0x0007ED2785F HttpBootDxe.efi
InstallProtocolInterface: BC62157E-3E33-4FEC-9920-2D3B36D750DF 7F588D98
ProtectUefiImageCommon - 0x7F5887C0
  - 0x000000007ED1B000 - 0x0000000000010BC0
InstallProtocolInterface: 18A031AB-B443-4D1A-A5C0-0C09261E9F71 7ED2B1E0
InstallProtocolInterface: 107A772C-D5E1-11D4-9A46-0090273FC14D 7ED2B800
InstallProtocolInterface: 6A7A5CFF-E8D9-4F70-BADA-75AB3025CE14 7ED2B7E0
InstallProtocolInterface: 18A031AB-B443-4D1A-A5C0-0C09261E9F71 7ED2B1A0
InstallProtocolInterface: 107A772C-D5E1-11D4-9A46-0090273FC14D 7ED2B800
InstallProtocolInterface: 6A7A5CFF-E8D9-4F70-BADA-75AB3025CE14 7ED2B7E0
Loading driver A92CDB4B-82F1-4E0B-A516-8A655D371524
InstallProtocolInterface: 5B1B31A1-9562-11D2-8E3F-00A0C969723B 7F5870C0
Loading driver at 0x0007ED15000 EntryPoint=0x0007ED18CC3 VirtioNetDxe.efi
InstallProtocolInterface: BC62157E-3E33-4FEC-9920-2D3B36D750DF 7F587318
ProtectUefiImageCommon - 0x7F5870C0
  - 0x000000007ED15000 - 0x00000000000058C0
InstallProtocolInterface: 18A031AB-B443-4D1A-A5C0-0C09261E9F71 7ED1A5C0
InstallProtocolInterface: 107A772C-D5E1-11D4-9A46-0090273FC14D 7ED1A5A0
InstallProtocolInterface: 6A7A5CFF-E8D9-4F70-BADA-75AB3025CE14 7ED1A540
Loading driver 2FB92EFA-2EE0-4BAE-9EB6-7464125E1EF7
InstallProtocolInterface: 5B1B31A1-9562-11D2-8E3F-00A0C969723B 7F5875C0
Loading driver at 0x0007ED0D000 EntryPoint=0x0007ED125AE UhciDxe.efi
InstallProtocolInterface: BC62157E-3E33-4FEC-9920-2D3B36D750DF 7F587898
ProtectUefiImageCommon - 0x7F5875C0
  - 0x000000007ED0D000 - 0x0000000000007480
InstallProtocolInterface: 18A031AB-B443-4D1A-A5C0-0C09261E9F71 7ED14160
InstallProtocolInterface: 107A772C-D5E1-11D4-9A46-0090273FC14D 7ED14120
InstallProtocolInterface: 6A7A5CFF-E8D9-4F70-BADA-75AB3025CE14 7ED140C0
Loading driver BDFE430E-8F2A-4DB0-9991-6F856594777E
InstallProtocolInterface: 5B1B31A1-9562-11D2-8E3F-00A0C969723B 7F57E2C0
Loading driver at 0x0007ED04000 EntryPoint=0x0007ED0A642 EhciDxe.efi
InstallProtocolInterface: BC62157E-3E33-4FEC-9920-2D3B36D750DF 7F57EA18
ProtectUefiImageCommon - 0x7F57E2C0
  - 0x000000007ED04000 - 0x0000000000008DC0
InstallProtocolInterface: 18A031AB-B443-4D1A-A5C0-0C09261E9F71 7ED0CA20
InstallProtocolInterface: 107A772C-D5E1-11D4-9A46-0090273FC14D 7ED0CA70
InstallProtocolInterface: 6A7A5CFF-E8D9-4F70-BADA-75AB3025CE14 7ED0CA50
Loading driver B7F50E91-A759-412C-ADE4-DCD03E7F7C28
InstallProtocolInterface: 5B1B31A1-9562-11D2-8E3F-00A0C969723B 7F57E540
Loading driver at 0x0007ECF6000 EntryPoint=0x0007ECFFDB5 XhciDxe.efi
InstallProtocolInterface: BC62157E-3E33-4FEC-9920-2D3B36D750DF 7F586D18
ProtectUefiImageCommon - 0x7F57E540
  - 0x000000007ECF6000 - 0x000000000000D2C0
InstallProtocolInterface: 18A031AB-B443-4D1A-A5C0-0C09261E9F71 7ED02F60
InstallProtocolInterface: 107A772C-D5E1-11D4-9A46-0090273FC14D 7ED02F20
InstallProtocolInterface: 6A7A5CFF-E8D9-4F70-BADA-75AB3025CE14 7ED02EB0
Loading driver 240612B7-A063-11D4-9A3A-0090273FC14D
InstallProtocolInterface: 5B1B31A1-9562-11D2-8E3F-00A0C969723B 7F5862C0
Loading driver at 0x0007ECEC000 EntryPoint=0x0007ECF295F UsbBusDxe.efi
InstallProtocolInterface: BC62157E-3E33-4FEC-9920-2D3B36D750DF 7F586C98
ProtectUefiImageCommon - 0x7F5862C0
  - 0x000000007ECEC000 - 0x00000000000097C0
InstallProtocolInterface: 18A031AB-B443-4D1A-A5C0-0C09261E9F71 7ECF5440
InstallProtocolInterface: 107A772C-D5E1-11D4-9A46-0090273FC14D 7ECF5400
InstallProtocolInterface: 6A7A5CFF-E8D9-4F70-BADA-75AB3025CE14 7ECF5280
Loading driver 2D2E62CF-9ECF-43B7-8219-94E7FC713DFE
InstallProtocolInterface: 5B1B31A1-9562-11D2-8E3F-00A0C969723B 7F57D040
Loading driver at 0x0007ECE5000 EntryPoint=0x0007ECE93AD UsbKbDxe.efi
InstallProtocolInterface: BC62157E-3E33-4FEC-9920-2D3B36D750DF 7F57DB98
ProtectUefiImageCommon - 0x7F57D040
  - 0x000000007ECE5000 - 0x0000000000006800
InstallProtocolInterface: 18A031AB-B443-4D1A-A5C0-0C09261E9F71 7ECEB4A0
InstallProtocolInterface: 107A772C-D5E1-11D4-9A46-0090273FC14D 7ECEB460
InstallProtocolInterface: 6A7A5CFF-E8D9-4F70-BADA-75AB3025CE14 7ECEB3E0
Loading driver 9FB4B4A7-42C0-4BCD-8540-9BCC6711F83E
InstallProtocolInterface: 5B1B31A1-9562-11D2-8E3F-00A0C969723B 7F57DD40
Loading driver at 0x0007ECDF000 EntryPoint=0x0007ECE2D94 UsbMassStorageDxe.efi
InstallProtocolInterface: BC62157E-3E33-4FEC-9920-2D3B36D750DF 7F57DA98
ProtectUefiImageCommon - 0x7F57DD40
  - 0x000000007ECDF000 - 0x0000000000005D40
InstallProtocolInterface: 18A031AB-B443-4D1A-A5C0-0C09261E9F71 7ECE4920
InstallProtocolInterface: 107A772C-D5E1-11D4-9A46-0090273FC14D 7ECE4980
InstallProtocolInterface: 6A7A5CFF-E8D9-4F70-BADA-75AB3025CE14 7ECE48F0
Loading driver E3752948-B9A1-4770-90C4-DF41C38986BE
InstallProtocolInterface: 5B1B31A1-9562-11D2-8E3F-00A0C969723B 7F57C040
Loading driver at 0x0007ECD8000 EntryPoint=0x0007ECDC02C QemuVideoDxe.efi
InstallProtocolInterface: BC62157E-3E33-4FEC-9920-2D3B36D750DF 7F57D918
ProtectUefiImageCommon - 0x7F57C040
  - 0x000000007ECD8000 - 0x0000000000006900
InstallProtocolInterface: 18A031AB-B443-4D1A-A5C0-0C09261E9F71 7ECDE2A0
InstallProtocolInterface: 107A772C-D5E1-11D4-9A46-0090273FC14D 7ECDE280
InstallProtocolInterface: 6A7A5CFF-E8D9-4F70-BADA-75AB3025CE14 7ECDE220
InstallProtocolInterface: 5C198761-16A8-4E69-972C-89D67954F81D 7ECDE210
Loading driver D6099B94-CD97-4CC5-8714-7F6312701A8A
InstallProtocolInterface: 5B1B31A1-9562-11D2-8E3F-00A0C969723B 7F57C540
Loading driver at 0x0007ECD2000 EntryPoint=0x0007ECD5FF5 VirtioGpuDxe.efi
InstallProtocolInterface: BC62157E-3E33-4FEC-9920-2D3B36D750DF 7F57CE18
ProtectUefiImageCommon - 0x7F57C540
  - 0x000000007ECD2000 - 0x0000000000005E00
InstallProtocolInterface: 18A031AB-B443-4D1A-A5C0-0C09261E9F71 7ECD7A60
InstallProtocolInterface: 6A7A5CFF-E8D9-4F70-BADA-75AB3025CE14 7ECD7A30
Driver FA20568B-548B-4B2B-81EF-1BA08D4A3CEC was discovered but not loaded!!
[Bds] Entry...
[BdsDxe] Locate Variable Lock protocol - Success
[Variable] Lock: 8BE4DF61-93CA-11D2-AA0D-00E098032B8C:PlatformLangCodes Success
[Variable] Lock: 8BE4DF61-93CA-11D2-AA0D-00E098032B8C:LangCodes Success
[Variable] Lock: 8BE4DF61-93CA-11D2-AA0D-00E098032B8C:BootOptionSupport Success
[Variable] Lock: 8BE4DF61-93CA-11D2-AA0D-00E098032B8C:HwErrRecSupport Success
[Variable] Lock: 8BE4DF61-93CA-11D2-AA0D-00E098032B8C:OsIndicationsSupported Success
Variable Driver Auto Update PlatformLang, PlatformLang:en, Lang:eng Status: Success
[Variable] Lock: 8BE4DF61-93CA-11D2-AA0D-00E098032B8C:PlatformRecovery0000 Success
PlatformBootManagerBeforeConsole
Registered NotifyDevPath Event
PCI Bus First Scanning
PciBus: Discovered PCI @ [00|00|00]

PciBus: Discovered PCI @ [00|01|00]
   BAR[0]: Type = PMem32; Alignment = 0x1FFFFFF;	Length = 0x2000000;	Offset = 0x10
   BAR[1]: Type =  Mem32; Alignment = 0xFFF;	Length = 0x1000;	Offset = 0x14

PciBus: Discovered PPB @ [00|02|00]
   Padding: Type =  Mem64; Alignment = 0x1FFFFF;	Length = 0x200000
   Padding: Type =     Io; Alignment = 0x1FF;	Length = 0x200
   BAR[0]: Type =  Mem32; Alignment = 0xFFF;	Length = 0x1000;	Offset = 0x10

PciBus: Discovered PCI @ [01|00|00]
   BAR[1]: Type =  Mem32; Alignment = 0xFFF;	Length = 0x1000;	Offset = 0x14
   BAR[4]: Type = PMem64; Alignment = 0x3FFF;	Length = 0x4000;	Offset = 0x20

PciBus: Discovered PPB @ [00|02|01]
   Padding: Type =  Mem64; Alignment = 0x1FFFFF;	Length = 0x200000
   Padding: Type =     Io; Alignment = 0x1FF;	Length = 0x200
   BAR[0]: Type =  Mem32; Alignment = 0xFFF;	Length = 0x1000;	Offset = 0x10

PciBus: Discovered PCI @ [02|00|00]
   BAR[1]: Type =  Mem32; Alignment = 0xFFF;	Length = 0x1000;	Offset = 0x14
   BAR[4]: Type = PMem64; Alignment = 0x3FFF;	Length = 0x4000;	Offset = 0x20

PciBus: Discovered PPB @ [00|02|02]
   Padding: Type =  Mem64; Alignment = 0x1FFFFF;	Length = 0x200000
   Padding: Type =     Io; Alignment = 0x1FF;	Length = 0x200
   BAR[0]: Type =  Mem32; Alignment = 0xFFF;	Length = 0x1000;	Offset = 0x10

PciBus: Discovered PCI @ [03|00|00]
   BAR[1]: Type =  Mem32; Alignment = 0xFFF;	Length = 0x1000;	Offset = 0x14
   BAR[4]: Type = PMem64; Alignment = 0x3FFF;	Length = 0x4000;	Offset = 0x20

PciBus: Discovered PPB @ [00|02|03]
   Padding: Type =  Mem64; Alignment = 0x1FFFFF;	Length = 0x200000
   Padding: Type =     Io; Alignment = 0x1FF;	Length = 0x200
   BAR[0]: Type =  Mem32; Alignment = 0xFFF;	Length = 0x1000;	Offset = 0x10

PciBus: Discovered PCI @ [04|00|00]
   BAR[4]: Type = PMem64; Alignment = 0x3FFF;	Length = 0x4000;	Offset = 0x20

PciBus: Discovered PPB @ [00|02|04]
   Padding: Type =  Mem64; Alignment = 0x1FFFFF;	Length = 0x200000
   Padding: Type =     Io; Alignment = 0x1FF;	Length = 0x200
   BAR[0]: Type =  Mem32; Alignment = 0xFFF;	Length = 0x1000;	Offset = 0x10

PciBus: Discovered PCI @ [05|00|00]
   BAR[4]: Type = PMem64; Alignment = 0x3FFF;	Length = 0x4000;	Offset = 0x20

PciBus: Discovered PPB @ [00|02|05]
   Padding: Type =  Mem64; Alignment = 0x1FFFFF;	Length = 0x200000
   Padding: Type =     Io; Alignment = 0x1FF;	Length = 0x200
   BAR[0]: Type =  Mem32; Alignment = 0xFFF;	Length = 0x1000;	Offset = 0x10

PciBus: Discovered PCI @ [00|03|00]
